Case #1: BA BA
Case #2: A C BA C BA
Case #3: C C BA
Case #4: B BA C BA
Case #5: B C BA C BA
Case #6: BA BA BA C BA
Case #7: C BA C BA
Case #8: BA BA C BA
Case #9: C C C BA C BA
Case #10: A CA CA C BA
Case #11: C CA C BA C BA
Case #12: A A C BA C BA
Case #13: C CA C BA
Case #14: B BA BA C BA
Case #15: B BA C BA C BA
Case #16: B CB C BA C BA
Case #17: BA
Case #18: A C BA
Case #19: BA BA BA
Case #20: C BA C BA C BA
Case #21: BA C BA C BA
Case #22: A CA C BA C BA
Case #23: C C BA C BA
Case #24: C CB C BA C BA
Case #25: B CB C BA
Case #26: BA C BA
Case #27: A CA C BA
Case #28: C CB CB C BA
Case #29: A BA C BA
Case #30: CA CA C BA
Case #31: C BA
Case #32: CA C BA
Case #33: CB C BA C BA
Case #34: CB C BA
Case #35: C CB C BA
Case #36: CA CA CA C BA
Case #37: CB CB C BA
Case #38: A BA C BA C BA
Case #39: BA BA BA BA
Case #40: CB CB CB C BA
Case #41: CA C BA C BA
Case #42: B B C BA C BA
Case #43: A BA BA C BA
Case #44: B CB CB C BA
Case #45: C CA CA C BA
Case #46: B C BA
