Case #1:
/
Case #2:
//\
Case #3:
/\
\/
Case #4:
IMPOSSIBLE
Case #5:
/\//\\/\\\\\/////\\\//\\/\/\/\\/\/\//\/\/\\\\\\//\//\//\\/\/\\\/\/\\\
Case #6:
/
/
/
\
\
\
/
/
\
/
/
\
/
/
/
/
\
\
/
\
/
\
/
/
/
/
\
/
/
/
/
\
\
\
\
/
\
/
\
/
\
/
\
\
\
\
/
/
\
/
/
\
\
/
/
/
\
/
\
/
/
/
\
/
\
\
\
\
\
/
\
\
/
/
/
/
\
\
\
/
\
/
\
/
/
\
\
/
/
\
/
/
\
/
/
\
\
Case #7:
///////
///////
///////
///////
///////
///////
///////
\\\\\\\
///////
\\\\\\\
Case #8:
/
/
/
/
/
/
/
/
/
/
/
/
/
/
/
/
/
/
/
/
/
/
/
/
/
/
/
/
/
/
/
/
/
/
/
/
/
/
/
/
/
/
/
/
/
/
/
/
/
/
/
/
/
/
/
/
/
/
/
/
/
/
/
/
/
/
/
/
/
/
/
/
/
/
/
/
/
/
/
/
/
/
/
/
/
/
/
/
/
/
/
/
/
/
/
/
/
/
/
/
Case #9:
\\\///\
\\\///\
\\\///\
/\\////
\/\////
\\/////
////\\\
/////\\
\/\//\\
\/\//\\
\/\//\\
//\//\\
Case #10:
/\/\/\///\///
\/////////\\\
\\/////////\\
\\\/////////\
\\\\\\///////
////////\/\/\
/////\//\/\/\
Case #11:
\\\///\\/
/\\////\/
\/\/\////
/\//\\/\\
Case #12:
\/\/\
/////
\////
////\
\////
\///\
/////
\///\
/////
\/\//
\/\//
\/\/\
/////
\///\
/////
\///\
\\///
/\\/\
\/\\/
/\/\/
Case #13:
IMPOSSIBLE
Case #14:
\\\
\\\
\\\
///
\\\
\\\
\\\
///
\\\
///
///
///
\\\
///
\\\
///
\\\
\\\
\\\
///
\\\
///
\\\
///
\\\
\\\
\\\
///
\\\
///
///
///
\\\
Case #15:
\\\\/\
//\\/\
\\/\/\
//////
\\////
\\\/\\
/////\
\\\///
/////\
/\\///
\/\\/\
Case #16:
/\\\\////\
\/\\\/////
\\/\\////\
\\\/\/\/\/
\\\/\/\/\/
/////////\
////////\/
\\//////\/
//\/////\/
//\\////\/
Case #17:
\///\\
\/////
\/////
/\/\\\
/\/\\\
Case #18:
\\\\
///\
/\\/
\/\\
\\/\
/\\/
\/\/
\/\\
///\
\///
\\/\
/\\/
\/\\
///\
\///
\\/\
/\\/
\/\/
///\
\///
///\
\/\/
//\/
/\/\
/\/\
Case #19:
\\/\\//\\/\\\\/\/\\/\\/\/\/\\\\//
\\/\\///\\/\\\\///\\/\/\/\\/\\\/\
\\\/\\//\\\//\\\/\/\\/\//\\\////\
Case #20:
/\\//\/\\///\\\\\\/////\\/\\///\/
\/\/\///\//\//\\\\////\/\\/\/////
\/\/\\//\//\\\/\\\////\/\\\//\///
Case #21:
/
\
/
/
\
/
/
/
/
\
\
\
\
/
\
\
/
/
\
\
\
/
\
/
\
\
\
/
/
/
\
/
\
\
/
/
\
\
/
/
/
\
/
/
/
\
/
/
\
/
\
\
/
\
\
\
\
\
/
\
/
\
/
\
/
/
/
\
/
\
\
/
/
/
/
\
/
/
\
\
/
/
/
\
/
/
/
/
\
\
/
\
/
\
/
/
\
\
/
/
Case #22:
\\\/\\////
\\\/\\//\\
\\\\/\///\
\\\\\/////
//////////
/////////\
\\\\//////
\\\\\/////
/////\\///
/\\\\/////
Case #23:
IMPOSSIBLE
Case #24:
IMPOSSIBLE
Case #25:
IMPOSSIBLE
Case #26:
\/
/\
\/
/\
\/
\/
\\
\\
\\
/\
\/
\/
//
/\
\/
\\
//
//
/\
\/
\/
//
/\
\/
\\
\\
\\
\\
/\
\/
/\
\/
//
/\
\/
/\
\/
/\
\/
\/
\\
\\
\\
\\
//
/\
\/
\\
\\
Case #27:
/\\
\/\
\\/
//\
///
\/\
/\/
/\/
\/\
///
\//
Case #28:
///////
///////
///////
///////
///////
///////
///////
\\\\\\\
///////
\\\\\\\
///////
\\\\\\\
///////
\\\\\\\
Case #29:
\\//\////\/\/\\
\\//\//////////
/\///\\\/////\\
\////////////\\
\\/\/\\\/////\\
///\\///\////\\
Case #30:
\/\////
\/\///\
\/\////
//////\
\//////
\/\////
\/\\/\\
///\\//
\///\\\
\\///\\
//////\
\\/////
//////\
\\/\/\/
Case #31:
/\\///\\//
\/\////\//
//\/\/////
//\/\\///\
Case #32:
\//\\///\\
\///\////\
//////////
\/\//////\
\/\///////
//////////
\/\/\/\/\\
\/\/\/\/\\
\\//\/\\/\
/\//\/\\/\
Case #33:
IMPOSSIBLE
Case #34:
\\\/\/\/\/
//\\//////
///\\///\\
\/\/\\///\
\/\\/\\///
///\\/\\/\
\///\\/\\/
/////\\/\/
\////\\\//
/\///\\\\\
Case #35:
/\\\\\\//\///\//
\/\\\\\//\///\//
///\\\\//\///\//
\/\/\\\//\////\\
\/\\/\\//\//////
/\/\\/\/\/\/\//\
Case #36:
//\\/\
//////
\/\\//
//////
\/////
/\\\\\
\/\\\\
\\////
///\\\
////\\
/////\
\/////
///\/\
\//\\/
\//\\/
///\\\
Case #37:
\/\/\//\/\//\/\/\/\\\\/\/\/\\////
/\/\//\/\//\//\\/\//\\\/\/\/\/\\\
Case #38:
\///\//\//
\///\/////
\//////\\\
\/\/\/\/\\
\/\/\/\/\\
\/\/\/\/\\
\/\\/////\
\\/\\/////
\\\/\\////
///\/\\//\
Case #39:
\/\
\\/
//\
\\/
///
\\\
/\\
\/\
\\/
//\
\\/
//\
\\/
//\
\\/
/\\
\/\
\\/
/\\
\//
Case #40:
/\/\\/\//\/\\/
\///\/\/////\/
//////////////
\///////////\\
\\///////////\
//\/\///////\/
//\/\\/\/\//\\
Case #41:
IMPOSSIBLE
Case #42:
\\\/\/\/\/\/\/\/\/\/\/\/
\\\/\/\/\/\/\/\/\/\/\/\/
\\\/\/\/\/\/\/\/\/\/\/\/
Case #43:
/\\/\/
\/\/\/
\\///\
\\\///
\\\\/\
//////
\\\\/\
//////
\\\\/\
//\\\/
///\\\
\///\\
/\/\/\
/\/\/\
Case #44:
\/\///
\/\//\
\/\/\/
\/\/\/
\\///\
\\\///
\\\\/\
\\\\\/
///\\\
////\\
/////\
\/////
///\//
\//\//
\//\//
\//\\\
Case #45:
\//////\/\/\\\/\/\\/\/\\\/////\\//\\/\\/\///\\//\/\///\//\\\///\//\/\/\\\//\/\\\/\/\//\////\\//\///\
Case #46:
////////////////
////////////////
////////////////
////////////////
////////////////
////////////////
Case #47:
/\/\/\\/\\//\
\////////\\\/
\\///\\/////\
//////\\/\\\/
/\/\/\/\\///\
Case #48:
\\\//\\//\//\/
//////\///////
////////////\\
/////////////\
//////////\/\/
\/////////\/\/
\\/\//\//\//\\
Case #49:
/\/\/\/\\/
\///////\/
///\/////\
\//\\/\/\/
Case #50:
IMPOSSIBLE
Case #51:
/\\\/\////
/\\\/\////
/\\\/\////
\/\\/\////
\\/\/\////
///\/\/\\\
//////////
//////////
\/\/\/\\\\
Case #52:
\\/\///
\\/\/\\
/\\////
\/\\/\\
\\/\\//
\\\/\\\
//\\/\\
\\/\\//
\\\/\\\
\\\\///
////\\\
\\\\///
////\\\
///\//\
Case #53:
IMPOSSIBLE
Case #54:
\//\//
\///\\
\\///\
//////
\\////
//\//\
Case #55:
IMPOSSIBLE
Case #56:
IMPOSSIBLE
Case #57:
IMPOSSIBLE
Case #58:
\\\/\\/\/\\\\///
//\\////////\/\\
///\\\///\\\////
\/\/\\\///////\\
//\/\\\\/\\\///\
//\/\\\\\///\//\
Case #59:
//\\//
/\/\/\
/\/\\/
Case #60:
IMPOSSIBLE
Case #61:
/\\/
\/\/
\\/\
////
\\//
////
////
/\\\
\/\\
\\/\
////
///\
\//\
\//\
///\
Case #62:
\\\//\\//\/\/\/\
//\///\/\//\\///
//\\//\/\//\\\/\
Case #63:
/\/\/
\/\/\
\/\/\
\/\\/
Case #64:
/\\/\/\/\/\/\\\/\\
\/\\//////////////
\\/\\/\/\/\///\///
Case #65:
\//\\//\\/
\///\///\/
/\////////
/\\///\//\
/\\\//\//\
Case #66:
IMPOSSIBLE
Case #67:
\//\\\\\///
////\\\\///
/////\\\///
\/\///\\//\
//\\/\/\///
//\\/\\////
//\\/\\\/\\
Case #68:
\/\/\\///\\////\////////\\///////
\/\/\\///\\//\\////////\/\\\\\\\\
\/\/\\///\\/\//////////\\////\\\\
Case #69:
IMPOSSIBLE
Case #70:
IMPOSSIBLE
Case #71:
//\\/\/\//\/\/\/\///\//\/\\/\//\\
\\/\\//\/\/////////\//////\\/\\/\
//\///\//\\/\/\////\/\/\/\/\\//\/
Case #72:
//\/
////
\/\\
////
\/\\
///\
\///
////
\/\\
///\
\///
///\
\///
///\
\/\/
Case #73:
\/\\\/\/\/\\\/\/
\\//\\/////\\\/\
/\\\/\\/////\\\/
\//////////////\
/\\\/\\/////\\\/
\///\//\/\/\////
Case #74:
///\\//\\/\\\\\/
\\\/\///\\/\\\\/
/////\///\\/\\\/
//\//\\///\\/\\/
//\//\\\//\\/\\/
//\//\\\//\\/\\/
Case #75:
/\/
\//
//\
///
\/\
///
\//
\/\
///
\/\
\\/
\\/
\\/
/\/
\/\
///
\/\
/\/
/\/
\/\
///
\//
\\\
\\\
/\\
\/\
/\/
/\/
\//
\/\
///
\/\
\\/
Case #76:
IMPOSSIBLE
Case #77:
IMPOSSIBLE
Case #78:
//
//
\\
/\
/\
Case #79:
\\//
/\/\
\///
///\
\/\/
\/\\
///\
\///
\\/\
/\\/
\/\/
\/\/
///\
\///
\\/\
/\\/
\/\/
\\/\
////
///\
\///
////
\/\\
///\
\//\
Case #80:
/\/\
\///
\\/\
\\\/
/\\/
\/\\
\\/\
\\\/
//\/
///\
\/\/
//\/
////
\/\\
///\
\///
///\
\///
\\/\
////
\\/\
////
///\
\///
\\/\
Case #81:
\\\\\
////\
/\\\/
\/\\\
\/\\\
///\\
\/\/\
\/\\/
\\/\\
/\\/\
\/\\/
/\/\/
/\/\/
\///\
/////
\////
\\/\\
\\\/\
/////
//\/\
Case #82:
\//\///\\//\/\\///\\///\
\///////\//\\/\//\/\////
\\///\/\///\\/\//\\//\//
Case #83:
\\/\/\\/\/\//\\/\/\/\/\\/
//////////////\\////////\
/////\\////////\\////////
\/\/\//\//\/\/\/\\/\//\//
Case #84:
\/\//\////
\/\/////\\
\\///////\
//////////
/////////\
\/////////
\\\\//////
////\/\/\\
Case #85:
\/\/\/\\/\//\\//
///////\/\///\//
\///////////////
\\///\///\/\//\\
//\//\\//\/\///\
//\//\\//\/\\//\
Case #86:
\/\/\/\\/\\//
\\////////\//
\\\///\\/////
/\\\//////\\\
\/////\\///\\
\\\\////\///\
////\///\\/\/
Case #87:
///
///
///
\\\
///
\\\
///
\\\
///
\\\
///
\\\
///
\\\
///
\\\
///
\\\
///
\\\
///
\\\
///
\\\
///
\\\
///
\\\
///
\\\
///
\\\
///
Case #88:
\\\\\\
\\\\\\
\\\\\\
\\\\\\
\\\\\\
\\\\\\
//////
//////
//////
//////
\\\\\\
\\\\\\
\\\\\\
\\\\\\
//////
//////
Case #89:
\/\
\/\
///
\//
\//
/\\
\/\
///
\//
\\\
//\
///
\/\
\\/
///
\\\
///
\\\
\\\
//\
\\/
\\\
///
///
\\\
\\\
///
\\\
/\\
\//
/\\
\/\
\\/
Case #90:
\\\\/\\
//\\\/\
\\/\\\/
\\\/\\/
//\\/\/
///\\/\
\///\\/
/////\\
\/////\
\\/////
\\\////
/////\\
////\/\
/\//\/\
Case #91:
/\//\\/\/\\\\/\\\/\//\/\
\///////////\\//\/\/////
\/\/\\///\\\/\\\///////\
//\\//\/\//\\/\\\/\/\/\/
Case #92:
\\/\/\\//\/\/\/\
/\\///\/\/\/\///
/\\\/\//\/\/\\/\
Case #93:
\\\\\\\
\\\\\\\
\\\\\\\
\\\\\\\
\\\\\\\
\\\\\\\
\\\\\\\
///////
///////
///////
///////
///////
\\\\\\\
\\\\\\\
Case #94:
\/\\/\\/\\////\/////
\\////\/\\////\/////
//\\////\\////\/////
\\//////\\////////\\
\\\\///\/\//\/////\\
Case #95:
\/\\/\//\\\\/
Case #96:
IMPOSSIBLE
Case #97:
//\/\/\/\/
Case #98:
\\\
\\\
\\\
///
\\\
///
\\\
///
\\\
///
\\\
///
\\\
///
\\\
///
\\\
///
\\\
///
\\\
///
\\\
Case #99:
\\///\\\//
//////\\//
///////\//
//////////
\\/////\\\
////////\\
/////////\
\/////////
/\/\/\////
/\/\/\\///
Case #100:
IMPOSSIBLE
Case #101:
/\\///
\/\//\
//\///
/////\
\/////
//////
\///\\
/////\
\/////
//////
\////\
//////
\////\
\/////
\\////
/\\//\
Case #102:
IMPOSSIBLE
Case #103:
///
///
//\
///
\//
\\\
///
/\\
\/\
\\/
\\\
///
\\\
\\\
///
\\\
//\
///
\//
\\\
\\\
\\\
/\\
\//
///
\\\
\\\
\\\
/\\
/\\
/\\
/\\
Case #104:
///////
///////
///////
///////
///////
///////
///////
///////
///////
///////
///////
///////
///////
///////
Case #105:
///
Case #106:
/\/
\/\
\\/
\\\
///
///
//\
///
\//
\//
\//
\//
\/\
\\/
/\/
\//
\/\
\\/
\\\
///
/\\
\/\
///
\/\
\\/
\\/
/\\
/\\
Case #107:
\/\/\\/\\\/\\\//////\//\//\\\\/\\\\\////\/\//\\\\/\\///\/\/\\\\\\\\\\\/\/\//\\\\///\/\///\\\\/\\\//\
Case #108:
\//\\/
\///\/
/////\
\/\/\/
\/\/\/
//\/\/
//////
\///\\
/////\
\/////
/////\
\/////
/////\
\/\//\
Case #109:
///
///
///
\\\
///
\\\
///
///
///
\\\
///
\\\
///
\\\
///
///
///
\\\
///
\\\
\\\
\\\
///
///
///
\\\
///
\\\
\\\
\\\
///
\\\
///
Case #110:
\\///\\//\
\\////\///
\\///////\
//////////
\\///////\
\\\//////\
/////////\
/////////\
/\/\/////\
Case #111:
//////////
//////////
//////////
//////////
//////////
//////////
//////////
//////////
//////////
//////////
Case #112:
IMPOSSIBLE
Case #113:
/\\\//\\\//\\\/\///\\\\/\\\////\/
/\\\////\//\\\/\//////\\/\\///\//
/\\\\///\//\\\\//\/\\\///\\///\\\
Case #114:
//\\
///\
\///
///\
\///
\\/\
/\\/
\/\\
///\
\/\/
\/\/
\/\/
////
\//\
\/\/
\/\/
//\/
///\
\///
\\/\
////
////
\/\\
///\
\//\
Case #115:
IMPOSSIBLE
Case #116:
IMPOSSIBLE
Case #117:
\///\\/
//////\
////\\/
///////
\///\\\
//////\
\/\/\\/
\/\/\\\
\\///\\
//////\
\\/////
//////\
/\////\
/\\///\
Case #118:
/\
\/
//
\\
Case #119:
//////\\\\////\
//////\\\\////\
//////\\\\////\
//////\\\\////\
//////\\\\////\
//////\\\\////\
Case #120:
///////
///////
///////
///////
///////
///////
///////
\\\\\\\
\\\\\\\
\\\\\\\
\\\\\\\
\\\\\\\
Case #121:
\//\/
////\
\\///
/////
\\/\\
////\
/////
\////
\\/\\
////\
\\///
/\\/\
\/\\/
\\/\\
Case #122:
\/\
///
\//
///
\\\
///
\\\
//\
///
\/\
\\/
//\
///
\/\
///
\/\
\\/
//\
///
\/\
\\/
//\
\\/
///
/\\
\/\
///
\/\
\\/
\\\
///
\\\
//\
Case #123:
\\//\\////
//////////
//////////
\\/\\\\\\\
\\\/\\\\\\
//////\\\\
////\\////
/\///\\\\\
/\\///\\\\
/\\\//\\\\
Case #124:
\\\//\\\/\/\/
//\///\\/\/\\
\\/////\/\/\\
/////////\/\\
/\///\///\/\\
/\\//\///\/\\
Case #125:
IMPOSSIBLE
Case #126:
\///
\/\\
\\/\
/\\/
\/\\
///\
\///
///\
\/\/
\/\\
\\/\
////
////
\/\\
\/\\
\/\\
\\/\
\\\/
//\/
////
\/\\
///\
\///
\\/\
//\/
Case #127:
\\\///
/\\//\
\/\/\/
//\/\/
Case #128:
\////\\\//
\//////\//
\////\\///
\/////////
\\///\\\\\
/\\///\\\\
\/\\///\\\
\\////\/\\
//\\//\/\\
/\////\/\\
Case #129:
\//
/\\
\/\
///
\/\
\\/
\\/
\\\
///
/\\
Case #130:
\/\/\//\//
\/\/\//\/\
\\////////
/////////\
//////////
\////////\
//////////
/////////\
\///\/\///
\\//\/\\//
Case #131:
/////////////////////////////////
/////////////////////////////////
/////////////////////////////////
Case #132:
///\\/
////\\
/////\
\/////
\\///\
\\\/\/
\\\/\/
\\\/\/
\\\\//
\\\\\\
///\\\
\\\/\\
/////\
//////
/\/\//
/\/\\\
Case #133:
IMPOSSIBLE
Case #134:
//\/\\/\
/////\\/
\/////\\
/\/\/\//
Case #135:
/\\
\/\
///
\/\
///
\/\
/\/
/\/
\/\
\\/
/\/
\/\
\\/
///
//\
\\/
//\
///
\/\
Case #136:
IMPOSSIBLE
Case #137:
\\/\/\/\\\/\/\\/\\\\//\\
/\\/////\\\////////\///\
/\\\/////\\\/\\//\\///\/
/\\\\/\/\/\\\///\//\//\\
Case #138:
\///\/\/\/\\/
///////////\\
////////////\
/////////////
\///////\///\
/\/\/\//\\/\/
Case #139:
IMPOSSIBLE
Case #140:
\\\////\\/
/\\///////
\/\/\\/\\\
\\////////
////\\////
\\////\\\\
\\\/\\////
//////////
////\\\\\\
/\/\/////\
Case #141:
//////////
//////////
//////////
//////////
//////////
//////////
//////////
//////////
//////////
//////////
Case #142:
///
\\\
\\\
\\\
///
//\
Case #143:
\/\/\//\/\\/\\\//\\/\\/\/
//////////\\/\\//////\/\/
\///\\/////\\/\\/\\/////\
\\/\//\/\/\/\\//\//\/\/\/
Case #144:
IMPOSSIBLE
Case #145:
\\\/\\\/\/\/\/\\\/\\/\\/\//\/\\\\\/\\\/\\/\\/\////
\\\\///\/\/\/\///\//\//\//\/\////\\//\\//\//\///\\
Case #146:
\\\\\
\\\\\
\\\\\
\\\\\
\\\\\
/////
\\\\\
/////
\\\\\
/////
\\\\\
/////
\\\\\
Case #147:
\//\/\\/\////\/\//\/
/\\//////\\\\//////\
\////\\/////////////
/\\//////\\\\/\\////
\//\//\/\////\//\//\
Case #148:
IMPOSSIBLE
Case #149:
\///\/\\/\/\///\\/\/
///////////\////\\/\
///////////\/////\\/
\\////\///////\/\/\/
//\///\//\/\//\/\\//
Case #150:
/\/\//\\/\
\//\///\\/
////////\/
/\////////
/\\/\/\//\
Case #151:
\\\\\\\
\\\\\\\
Case #152:
/////////////////////////
/////////////////////////
/////////////////////////
/////////////////////////
Case #153:
IMPOSSIBLE
Case #154:
/\\//\\/\/\/\///\/\\/\\\
\/\////////////////////\
/////\\///\//\\/\/\\/\\/
\/\//\\\//\/\///\\/\\//\
Case #155:
/\\\\///////
\/\\\///////
///\\////\\\
\///\/////\\
////////////
\///////////
\\///\/\/\\\
Case #156:
IMPOSSIBLE
Case #157:
\/\\\/\/\
///\\\/\/
\///\\/\/
///\/\/\/
\//\\/\/\
Case #158:
IMPOSSIBLE
Case #159:
/////\
/////\
/////\
/////\
/////\
Case #160:
\///\/\/\/
/////////\
//\/\/\/\/
//\/\/\/\/
//\/\/\/\/
//////////
\/\/\///\\
//\/\\///\
//\/\\\//\
//\/\\\//\
Case #161:
\//\/\/\/\/\//\/
\//////////////\
/////////\//////
\////////\/////\
\\///////\\/\/\/
//\/\////\\/\/\/
Case #162:
IMPOSSIBLE
Case #163:
//
\\
//
/\
\/
/\
\/
/\
\/
/\
\/
\\
/\
\/
/\
\/
\/
\/
/\
\/
\\
/\
\/
\\
/\
\/
/\
\/
\/
\\
/\
\/
/\
\/
/\
\/
/\
\/
\\
/\
\/
/\
\/
\\
/\
\/
\/
/\
\/
/\
Case #164:
\
/
\
\
Case #165:
\/\/
///\
\///
///\
\///
\\/\
////
\\/\
//\/
//\/
////
\/\\
///\
\/\/
\/\/
\/\\
\\/\
////
///\
\///
////
\//\
\///
///\
\//\
Case #166:
\
/
/
Case #167:
\\\\/\\//\
///\\/\///
\\\/\\////
\\\\/\\/\\
//////\\//
///////\\\
////////\\
/////////\
\/////////
/\/\/\/\//
Case #168:
\/\/\\/\\\/\/\/\/\/\/\\\
/\/\/\\////////////////\
/\/\\////\/\/\/\/\/\//\/
Case #169:
\\\///
//\/\\
//////
\///\\
//////
\///\\
\\///\
//////
/////\
\/\/\/
\/\/\/
\\///\
//////
/////\
\/////
/\/\//
Case #170:
/\\\///\/\\/\\\///\/
\/\\//////\\/\\/////
\\/\///\/\/\\/\///\\
////\//\/\\/\\////\\
/\//\//\/\\\/\\///\\
Case #171:
\\/\\//
////\//
//////\
\/\////
\/\///\
///////
\/////\
\\/////
//\///\
//\\/\/
Case #172:
\//\\\/\\/
/\\/\\/\\/
\//\/\/\\/
Case #173:
\/\\
///\
\/\/
\/\/
///\
\///
\\/\
////
///\
\///
\\/\
/\\/
\/\/
///\
\///
///\
\///
////
\/\\
////
\/\\
////
\/\\
////
\///
Case #174:
\\/\/\\\/\\/\/\/\/\\
///////\\/\\///////\
/////\\/\\//////\///
\/////\\/\\\/\//\\/\
\\/\/\/\\////\//\\\/
Case #175:
IMPOSSIBLE
Case #176:
/
/
\
\
\
\
/
/
/
\
\
\
\
/
\
/
\
\
\
\
/
\
\
/
/
\
/
\
\
\
/
/
\
\
/
/
/
/
\
/
/
/
/
/
/
/
/
/
\
/
/
\
\
\
\
/
/
/
/
\
\
\
/
\
\
\
\
\
\
/
\
/
\
/
\
/
\
\
\
\
/
/
\
\
\
\
\
/
/
/
\
\
/
/
\
/
/
/
/
/
Case #177:
/\\
\/\
///
\//
/\\
\//
/\\
\//
\\\
\\\
\\\
/\\
\/\
\\/
/\/
\/\
/\/
/\/
\/\
///
\/\
///
\//
\\\
/\\
\/\
\\/
///
Case #178:
\/\//\\\//\/\/\//\/\
\\/\\//\////////////
/////\\////////////\
\\/\\////////\\/\///
\\\///\/\/\/\///\\/\
Case #179:
\\\/\//\\\
\\\/\/////
///////\\\
////////\\
//////////
\/////////
\\/////\\\
\\\/\///\\
//\/\\///\
//\/\\\/\/
Case #180:
/\/\/\/\/\\/
\/\/\/////\\
\/\/\\/\//\\
Case #181:
\\/\
////
///\
\///
////
\//\
\///
////
\//\
////
///\
\///
///\
\///
\\//
Case #182:
\/\\/\/\\\//\\\/\/\/
\\/\\////\///\\/\/\/
////\\/\\/////\\/\//
\\/\/\\//\/\/\///\//
Case #183:
\\\//\\///
\\\///\///
/\\\//////
\/\\\/\\\\
///\\\/\\\
\///\\\/\\
\\///\\\/\
/\\///\\\/
\/\\///\\/
\\//\//\\/
Case #184:
\/\\\\
///\\\
\/////
///\\\
\/////
\\/\\\
//////
///\\\
\/////
///\\\
\/////
///\\\
\/\/\\
Case #185:
/\//\\\//\
/\////\///
/\\/\\////
/\\\/\\/\\
Case #186:
IMPOSSIBLE
Case #187:
/\\/\\\/\/////
\////\\/\/////
\\\///\/\//\\\
//////////////
\\\////////\\\
////////\///\\
//\/\///\\//\\
Case #188:
\/\
Case #189:
////
////
////
////
\\\\
\\\\
////
////
\\\\
\\\\
////
////
\\\\
\\\\
////
////
\\\\
\\\\
////
////
\\\\
\\\\
////
////
\\\\
Case #190:
\//\
\/\/
Case #191:
/\\/\\//\/
\////\////
/////////\
//////////
\/\/\/////
\/\/\///\\
\\////////
/\\/////\\
\/\\//////
/\//\/\/\\
Case #192:
\\/
\\/
\\/
/\/
/\/
\/\
\\/
\\\
/\\
\/\
\\/
\\\
///
///
//\
/\/
/\/
\/\
\\/
///
///
\\\
\\\
///
///
///
///
///
///
///
///
///
///
Case #193:
\\/
\\/
\\\
/\\
\/\
///
\//
\\\
/\\
\/\
\\/
\\/
/\\
\/\
\/\
\\/
\\/
/\/
\//
/\\
\/\
Case #194:
IMPOSSIBLE
Case #195:
/\//\\/\/\
/\///\/\\/
\//////\\\
/\/\///\\\
Case #196:
//\/\/\/\/\/\/\/\\/\/\/\\
/////////////////\\//////
\///////////////\/\\/////
\\/\/\/\/\/\/\//\\//\///\
Case #197:
\////\\/\\////\\\/\/
//\\\////\///\/\\/\/
/////\\//\///\\/\/\/
\/\\\////\///\\/\/\/
\\//////\////\\/\\//
Case #198:
//\/\/\\//\\/\/\/\///\//\/\/\\/\\
/\/\///////\\/////\\\/\\////////\
/\/\\///\/\/\\/\/\///\//\/\/\\/\/
Case #199:
//
//
//
//
//
//
//
//
//
//
//
//
//
//
//
//
//
//
//
//
//
//
//
//
//
//
//
//
//
//
//
//
//
//
//
//
//
//
//
//
//
//
//
//
//
//
//
//
//
//
Case #200:
IMPOSSIBLE
Case #201:
\\\/\\/\/\\/
/////\\////\
/////////\\/
\\///\\/////
/////////\\\
/////\\///\\
\/\/\//\/\/\
Case #202:
\\\/\/
//\/\/
//////
\////\
////\/
\///\/
//////
////\\
//////
\/\///
//\\\\
//\\\\
Case #203:
IMPOSSIBLE
Case #204:
\/\//\/\\\\///\\\///\\\\\//\/\\//\\/\\\\\\\/\/\//\\//\\/\\\////\\\/\///\\\\\/\/\\//\\\\
Case #205:
///\/\/\/\/\/\/\/\/\/\/\/\/\/\/\/
///\/\/\/\/\/\/\/\/\/\/\/\/\/\/\/
///\/\/\/\/\/\/\/\/\/\/\/\/\/\/\/
Case #206:
\//\/\/\\//\/\/\//
////////\///////\\
/////\///////\///\
\/\//\\/\/\//\\/\/
Case #207:
/\\//\//\\///\//\/\\\\//\/\\\
\/\/////////////////\\/////\\
\\/\//\////\//\/\///\\\/\/\//
Case #208:
\\//\//
\\\\/\\
\\\\\/\
///////
///////
///////
//////\
///////
\//////
\//////
\/\/\\\
\/\\/\\
\\/\\/\
///\\\/
Case #209:
IMPOSSIBLE
Case #210:
\\/\///
///\///
////\\\
/////\\
\/////\
///////
\/////\
\\/////
//\////
//\\///
Case #211:
/\/\\/\/\\/\/\/\//\//\/\\
\/////////////////\/////\
\\/\\///\\/////////////\/
//\//\/\/\\/\///\/\/\//\\
Case #212:
//////////
//////////
//////////
//////////
//////////
//////////
//////////
//////////
//////////
//////////
Case #213:
\///\\/\/\
\/////////
\////////\
//////////
\/////////
//////////
////////\\
\////////\
//////////
\/\//\/\/\
Case #214:
\//
/\\
\/\
/\/
/\/
\/\
\/\
///
\//
\//
\//
//\
///
\//
//\
///
\/\
\\/
///
/\\
\//
//\
///
\/\
\\/
/\\
\/\
\/\
\/\
///
\/\
\\/
\\/
Case #215:
IMPOSSIBLE
Case #216:
\\/\/\///\\///
\\/\/\////\//\
\\/\/\////////
/\\///////\\//
/\\\///\//////
/\\\\//\\/\\\\
/\\\\//\\\///\
Case #217:
\/\
\\/
///
//\
///
\//
/\\
\/\
\\/
//\
\\/
//\
///
\/\
\\/
//\
///
\/\
///
\/\
\\/
\\\
///
///
Case #218:
////
Case #219:
\/\/\\//\\\\/\//\\\\/\\/\
\\////////\\/\///////////
/////\\/\\/\\////\\\/\\/\
\\//\//\//\/\\//\/\\\//\/
Case #220:
\/\/\
\\/\/
\\/\/
/\/\/
/\/\/
/\/\/
\///\
\\///
/////
/////
\////
\////
\///\
//\\/
/\//\
Case #221:
\
\
/
\
/
\
\
Case #222:
IMPOSSIBLE
Case #223:
\\\\\
///\\
////\
/////
\////
///\\
\/\//
\/\\\
///\\
\///\
\\/\/
/\/\/
\///\
\\///
\\\//
/////
//\\\
//\\\
Case #224:
\\\\/\//\\\/\/
\\\\/\///\\/\/
//////////\/\/
/////////////\
//////////////
///\///\/\////
\//\\//\/\\///
Case #225:
IMPOSSIBLE
Case #226:
\//\\/\//\\///
////\/\//\\///
////\/\//\\//\
\/////////\/\/
////////////\/
////////////\\
\/\//\/\////\\
Case #227:
IMPOSSIBLE
Case #228:
\\\\\\
\\\\\\
\\\\\\
\\\\\\
\\\\\\
\\\\\\
Case #229:
/\\/\\\\\/
\/\\/\\\\/
\\/\\/\\\/
////\\/\\/
/\///\\/\/
/\\//\\/\/
/\\//\\/\/
/\\//\\/\/
/\\//\\\//
/\\//\\\\\
Case #230:
\\/
/\/
\//
\/\
///
\/\
///
\//
///
\\\
///
///
//\
///
\/\
\\/
/\\
\/\
///
\//
\//
//\
/\/
/\/
/\/
\/\
\/\
///
\/\
\/\
\\/
\\/
/\\
Case #231:
/\\
\/\
\\/
/\\
\/\
\\/
\\/
\\\
/\\
\/\
///
\//
//\
///
\/\
\/\
///
\/\
///
\//
/\\
\/\
\\/
/\/
Case #232:
IMPOSSIBLE
Case #233:
\\\\\///\\\///\\\///
\\\\\///\\\///\\\///
\\\\\///\\\///\\\///
\\\\\///\\\///\\\///
\\\\\///\\\///\\\///
Case #234:
\\\\\
\\\\\
\\\\\
\\\\\
\\\\\
/////
\\\\\
/////
\\\\\
/////
\\\\\
/////
\\\\\
/////
\\\\\
/////
\\\\\
/////
\\\\\
/////
Case #235:
\\\\//
///\\\
////\\
/////\
\/\/\/
\/\/\/
/////\
\/////
/////\
\/\/\/
\/\/\/
/////\
\/////
///\/\
\//\\/
\//\\/
Case #236:
//////\/\/\/\/\/
//////\/\/\/\/\/
//////\/\/\/\/\/
//////\/\/\/\/\/
//////\/\/\/\/\/
//////\/\/\/\/\/
Case #237:
IMPOSSIBLE
Case #238:
//////////
//////////
//////////
//////////
//////////
//////////
//////////
//////////
//////////
Case #239:
\/\\//\/\\
\\/\//////
\\\/\/\/\\
Case #240:
//\
/\/
/\/
\//
\//
\//
\\\
\\\
///
\\\
//\
///
\//
\\\
///
///
\\\
\\\
\\\
\\\
//\
///
\/\
\\/
///
\\\
///
///
\\\
\\\
\\\
\\\
/\\
Case #241:
\\/\\/\/\\/\\/\
/\\/\\/////////
\/\\/\\/\\/\\/\
//////\\////\\/
\/\\///\\\///\\
/\//\/\///\/\/\
Case #242:
\\/\\//\\\\/\\\/
////\/////\\/\\\
///////\\\/\\/\\
\//////////////\
\\/\///\\\/\\///
/\/\\/\///\//\//
Case #243:
IMPOSSIBLE
Case #244:
IMPOSSIBLE
Case #245:
/\/\////\/\/\
\////////////
////\\\/\////
\//\////\\//\
Case #246:
\\\/\/\//\/\\/
\\\/\/\///////
//\\//////////
\\/\\/////////
//\/\\/\/\\\\\
//\\/\/\\/////
//\\/\/\\\\\\\
Case #247:
IMPOSSIBLE
Case #248:
\\\\
////
//\\
\\//
//\\
/\//
Case #249:
//////////////////////////////////////////
//////////////////////////////////////////
Case #250:
\\
/\
\/
//
//
\\
//
\\
//
\\
\\
/\
\/
Case #251:
/////
\\\\\
//\\\
///\\
\///\
/////
\/\//
\/\//
\/\//
//\/\
/////
\///\
///\/
\//\/
////\
/////
\///\
/////
\/\/\
//\\/
Case #252:
\\\\\
\\\\\
\\\\\
\\\\\
\\\\\
\\\\\
\\\\\
\\\\\
\\\\\
\\\\\
\\\\\
\\\\\
\\\\\
\\\\\
\\\\\
\\\\\
\\\\\
\\\\\
\\\\\
\\\\\
Case #253:
IMPOSSIBLE
Case #254:
///////////////
///////////////
///////////////
///////////////
///////////////
Case #255:
\\\\\/////\\\///\\\/
\\\\\/////\\\///\\\/
\\\\\/////\\\///\\\/
\\\\\/////\\\///\\\/
\\\\\/////\\\///\\\/
Case #256:
\/\
\\/
/\\
\/\
///
\//
///
\\\
\\\
/\\
\/\
///
\/\
\\/
\\\
/\\
\//
\\\
\\\
//\
///
\/\
\\/
/\\
\/\
///
\/\
\/\
\\/
\\/
\\/
///
/\\
Case #257:
\\\\/\\///
//////\/\\
//\\//////
///\\///\\
\///\\////
\\///\\///
/\\///\\\\
/\\\/\/\\\
Case #258:
IMPOSSIBLE
Case #259:
\//\/\\\\/
\/\///\\\/
\/\\/\/\\/
Case #260:
////////////////////////////////////////////////////////////////////////////////////
Case #261:
\\//\\
\\////
////\\
//////
\///\\
//////
\///\\
/////\
\/\/\/
\/\/\/
/////\
\/////
/////\
\/////
/\////
/\\///
Case #262:
\\/\\/\\/\/\/\/\//\/\\/\/
///////\\///////////////\
///\\///\\/////\\////////
\//\\\/\//\/\/\//\//\/\/\
Case #263:
/\/\
\/\/
\/\/
///\
\///
///\
\///
////
\/\\
///\
\/\/
\/\/
////
\/\\
\\/\
////
///\
\///
\\/\
/\\/
\/\\
////
\/\\
\\//
//\\
Case #264:
/\\\\\\\\\//\/\\\\//\\\//
\//////\\\/\/////\////\//
/////\\/\\/\\/\\\///\\///
/////\\\/\/\\\///\//\\\\\
Case #265:
IMPOSSIBLE
Case #266:
IMPOSSIBLE
Case #267:
\////
\////
\////
\///\
\////
\///\
\\///
////\
/////
\////
\\///
/////
////\
/////
/////
/////
\////
\/\\\
/\/\\
/\\/\
Case #268:
///\\//\\\///
////\///\\///
/////////\///
\/\///////\\\
\/\\///\/////
\/\\\//\\////
\/\\\//\\\\\\
Case #269:
\\//\
\\///
////\
/////
\////
/////
\//\\
////\
/////
\/\/\
\/\\/
///\\
\/\/\
\/\/\
\/\\/
\\/\\
\\\/\
\\\\/
/\\\\
\/\\\
Case #270:
\\/\\\\///
\\\/\\\/\\
\\\\/\\\//
/\\\\/\\\\
\/\\\\/\\\
///\\\\/\\
\///\\\\/\
\\//\\\\\/
\\//\\\\\/
////\\\\\/
Case #271:
/\//\\
Case #272:
\\\/
//\/
///\
\///
///\
\///
\\/\
////
///\
\///
\\/\
/\\/
\/\/
\/\\
\/\\
\\/\
\\\/
\\\/
Case #273:
///
Case #274:
\/\\/\/\\/\///
///\/\\/\/\///
\/\//\\\//\/\\
Case #275:
//////\/\/\/\/\
//////\/\/\/\/\
//////\/\/\/\/\
//////\/\/\/\/\
//////\/\/\/\/\
//////\/\/\/\/\
Case #276:
/\\//\\//\\//\//
\/\///\///\/////
\\///////////\\\
\\\/////////\/\\
\\\\/////\//\\//
\\\\\/\//\//\\\\
Case #277:
/\//
\///
/\\\
\/\\
\\/\
\\\/
/\\/
\/\\
\\/\
\\\/
/\\/
\/\\
\\/\
////
///\
\///
\\//
//\\
////
\/\\
////
\/\\
///\
\/\/
\/\\
Case #278:
IMPOSSIBLE
Case #279:
IMPOSSIBLE
Case #280:
\///
/\\\
\/\\
///\
\///
///\
\/\/
\/\/
///\
\/\/
\/\/
Case #281:
//\\\/\\\////\/\\/\/
///\\/\\\/\\\///////
\//\\\/\\\///\//\//\
Case #282:
/\\//\
\/\/\/
\/\/\/
//\/\/
/////\
\/////
/////\
\/\/\/
\/\/\\
\\///\
//////
//////
\////\
//////
\/////
\/\///
Case #283:
\//\/\/\/\/
\//\/\\/\//
\//\/\\/\//
///\/\\\/\\
Case #284:
////
////
////
////
\\\\
////
\\\\
////
\\\\
////
\\\\
////
\\\\
////
\\\\
////
\\\\
////
\\\\
////
\\\\
////
\\\\
////
\\\\
Case #285:
///\\
/////
///\\
\///\
\\///
/\\/\
Case #286:
IMPOSSIBLE
Case #287:
\/\//\/
\/\////
\\/////
\\\/\\\
\\\\/\\
///////
\\\\/\\
//////\
///////
///////
//////\
\//////
/\//\/\
Case #288:
\\//\///
/\///\\\
\///////
/////\\\
\/////\\
///\///\
\//\\//\
Case #289:
\//
\\\
///
//\
\\/
//\
\\/
///
/\\
\//
///
\\\
/\\
\//
//\
///
\/\
///
\/\
///
\/\
Case #290:
IMPOSSIBLE
Case #291:
\///\\/\\\\\\\//
\///////////\\/\
////\\/\\\\\/\\/
//////////////\\
\///\\//\\\\///\
\\/\////\\\\\//\
Case #292:
\/\//\//\\//\///\/\/\/\/\/////\/\
\\///\/\/\//\/\\///////\//\\\\//\
////\//\\//\/\//\/\/\//\/\//////\
Case #293:
IMPOSSIBLE
Case #294:
\//\/
\///\
\\/\/
\\/\/
////\
/////
\////
\\/\\
/\\/\
\/\\/
/\/\/
Case #295:
\/\\\/\\\///\\//\\\//\/\/\\//\\\/
\\/////\\//\/\////\///////\////\/
//\\\/\////\\/\///\\/\/\/\/\/\\//
Case #296:
\/\/\\/\\/
\\////////
////\\////
//////////
\/////////
////\\\\\\
\/////////
////\\\\\\
/\////////
/\\/\\\\\\
Case #297:
/\//\/\\/\//\\
\//////\/\////
////////////\\
//////////////
\////////////\
//////////////
\/\/\/\/\//\//
Case #298:
IMPOSSIBLE
Case #299:
\\\\\////\
\\\\\/////
\\\\\////\
\\\\\/////
/////////\
//////////
//////////
////\/\///
////\/\/\\
\///\/\\//
Case #300:
\\/\\/\\/\/\\/\/\/\///\\/
////\\/\\//////////////\/
\\///\\/\\/\\///\/\\\///\
\\\/\//\/\/\\\//\\///\/\/
Case #301:
\//
\/\
\\/
/\/
\//
\\\
//\
\\/
///
//\
///
\/\
\\/
\\\
/\\
\//
///
\\\
\\\
\\\
///
\\\
/\\
\/\
\\/
/\/
/\/
\//
\\\
\\\
//\
\\/
Case #302:
//\
///
\/\
\\/
///
/\\
\//
/\\
\/\
//\
Case #303:
\/\//
\/\/\
/////
\////
\\/\\
\\\//
/////
/////
//\\\
/////
\/\\\
\\/\\
////\
\\/\/
///\/
///\/
/////
/\///
Case #304:
//\/\//\
//\/\///
///////\
\///////
///////\
\///////
///////\
\///////
/////\/\
\/\//\\/
Case #305:
\\\\\\
\\\\\\
\\\\\\
\\\\\\
\\\\\\
\\\\\\
//////
//////
//////
//////
\\\\\\
\\\\\\
\\\\\\
\\\\\\
//////
//////
Case #306:
/\/\//\\\/
/\/\////\/
\/////\\/\
\\////////
\\\///\\//
\\\\////\\
/////////\
//////////
/////////\
\\//\/\/\/
Case #307:
\\\
\\\
///
//\
///
\/\
///
\/\
\/\
\\/
///
/\\
\/\
//\
Case #308:
/\//
\//\
////
///\
\///
///\
\/\/
\/\/
///\
\/\/
\/\/
///\
\///
\\/\
////
///\
\/\/
//\/
///\
\///
///\
\///
///\
\///
\\/\
Case #309:
\/\\/\\
\\/\\/\
////\\/
/////\/
\/\/\//
Case #310:
/\//
\///
////
/\\\
\/\\
///\
\/\/
\/\\
///\
\///
////
\/\\
\\/\
///\
///\
Case #311:
\//\///\\/
\//\/////\
\//\///\\/
\/\/\/\/\\
\/\/\/\/\\
/////////\
\///\/////
\\//\\////
////\\\///
Case #312:
\/\/\/
\\///\
//////
//////
\///\\
\\////
////\\
//////
\///\\
\\////
////\\
//////
\///\\
\\///\
\\\/\/
/\\/\/
Case #313:
\\\\
\\\\
\\\\
\\\\
////
////
////
////
\\\\
\\\\
////
////
\\\\
\\\\
////
////
\\\\
\\\\
\\\\
\\\\
////
////
\\\\
\\\\
////
Case #314:
\/\\///
\/\\//\
///\///
\/\////
\/\\///
///\\\\
\///\\\
\\///\\
////\/\
\\//\\/
////\\/
////\\\
////\\\
////\\\
Case #315:
\\\//\\\/\
\\\///\\/\
///////\\/
//////////
\\/////\\\
\\\///////
\\\\///\\\
//\\\/////
///\\\/\\\
\/\/\\\///
Case #316:
IMPOSSIBLE
Case #317:
\
/
\
\
/
\
\
/
\
/
/
/
\
/
\
/
\
/
\
/
\
/
/
Case #318:
/\/
\/\
\\/
/\/
\//
//\
///
\/\
///
\//
//\
///
\/\
\\/
\\/
/\\
\/\
///
\/\
///
\/\
\\/
/\\
\/\
Case #319:
///\/\\//\/\//\\///\/\/\/
/\\///\/\//////\///\/\/\/
\//\/\//\\//\//\///\\/\/\
Case #320:
\\\///\//\
\\\///////
\\\///////
/////////\
//////////
//////////
\//\//\/\\
Case #321:
/\\/\
\/\/\
/////
\///\
\\///
/\\/\
\/\\/
///\\
\////
/////
\/\\\
\\///
\\\\\
///\\
/\\/\
\/\\/
\\/\\
////\
\\///
//\//
Case #322:
\/\\//
\\/\/\
\\\///
/\\\/\
\/\\\/
///\\\
\///\\
/////\
\/////
//////
\///\\
\\///\
//////
/////\
\/////
/\/\//
Case #323:
IMPOSSIBLE
Case #324:
IMPOSSIBLE
Case #325:
IMPOSSIBLE
Case #326:
//\\\//\/\\/\\\/\\/\/\\//
///\\////////\\\/\\///\/\
\///\\///\\///\\\/\\/////
/\/\/\\/\//\/\//\\/\\/\/\
Case #327:
\\//\/\/\\/\/\/\
\\///////\\/\/\/
\\\///////\/\/\/
////////////////
//\///\/////\/\\
//\\//\\/\//\\/\
Case #328:
/\/\\
\////
/////
\/\\\
\\/\\
\\\/\
///\/
///\/
/////
////\
\//\/
Case #329:
//////////
//////////
//////////
//////////
//////////
//////////
//////////
//////////
//////////
//////////
Case #330:
\\/\\/
//////
\\/\\\
//////
/////\
\/////
/////\
//////
/////\
\/////
//////
\/////
\\/\\\
////\\
///\/\
\//\\/
Case #331:
\//\/\
//////
//////
\////\
//////
\////\
//////
//////
\///\\
/////\
\/\/\/
Case #332:
//\\/
/\/\/
/\/\/
\///\
/\/\/
/\/\/
\///\
\\/\/
/\/\/
\/\/\
Case #333:
\\\\\\\\\\
\\\\\\\\\\
\\\\\\\\\\
\\\\\\\\\\
\\\\\\\\\\
\\\\\\\\\\
\\\\\\\\\\
\\\\\\\\\\
\\\\\\\\\\
Case #334:
/\/\\/
\////\
///\\/
\////\
\\/\\/
////\\
/////\
\/\/\/
\/\/\\
/////\
\///\/
////\/
\////\
////\/
////\/
\//\//
Case #335:
\//\/\\//\\/\\\//\/\/\\//
\/////\///\\//\////////\\
\\/\/\/////\\\///////\\/\
\\/\/\\/\/\//\\/\/\/\///\
Case #336:
\\/\
\\\/
///\
\\\/
\\\\
////
///\
Case #337:
//////
//////
//////
//////
//////
//////
//////
//////
//////
//////
//////
//////
//////
//////
//////
//////
Case #338:
\//\\/\\\\\///\/\////\\///\/\\\//\\///\///\////\\/\\//\\//\/\\\\/\\///\\/\//\///\\/\\//\/\//\/\//\\/
Case #339:
\/
/\
\/
/\
\/
//
/\
\/
/\
\/
/\
\/
\\
//
/\
\/
\/
\/
\/
/\
\/
\\
//
\\
/\
\/
/\
\/
//
//
/\
\/
/\
\/
//
/\
\/
\\
/\
\/
/\
\/
\/
\\
/\
\/
/\
\/
\/
\/
Case #340:
\/\\\\\\//\\/\//
\\////\\///\\///
//\\\\/\\///\\\\
///\\\\/\\///\\\
\//\\\\\/\\///\\
///\\\\\\/\\//\\
Case #341:
/\/
\/\
/\/
/\/
\//
\//
\//
\//
\/\
///
\//
/\\
\//
//\
///
\//
//\
///
\/\
///
\/\
///
\/\
///
\/\
\\/
///
///
/\\
\//
/\\
\//
/\\
Case #342:
IMPOSSIBLE
Case #343:
\\\\///\/\\//\\////\/\//////\////
\\\\/////\\//\\////\/\//////\////
/////\///\\//\\////\/\/////\///\\
Case #344:
/////
/////
/////
/////
/////
\\\\\
\\\\\
\\\\\
/////
/////
/////
\\\\\
\\\\\
\\\\\
/////
/////
Case #345:
\\\\\\\\\\
\\\\\\\\\\
\\\\\\\\\\
\\\\\\\\\\
\\\\\\\\\\
\\\\\\\\\\
\\\\\\\\\\
\\\\\\\\\\
\\\\\\\\\\
\\\\\\\\\\
Case #346:
\\/\/\/
\\/\/\/
/\\////
\/\\/\\
\\/\\/\
////\\/
\\/\///
Case #347:
///////\\\\\/
///////\\\\\/
///////\\\\\/
///////\\\\\/
///////\\\\\/
///////\\\\\/
///////\\\\\/
Case #348:
\\//\/\\\///\/
///////\\////\
////////\/////
/////////////\
\/////////////
/\/////\//////
/\\/\//\\/\///
Case #349:
IMPOSSIBLE
Case #350:
IMPOSSIBLE
Case #351:
\\/\/\\////\//\/\\/\
\\\///\////\/////\\/
\\\\//////////////\\
\\\\\////\/\/\/////\
/////////\/\/\\/\//\
Case #352:
IMPOSSIBLE
Case #353:
IMPOSSIBLE
Case #354:
/\\////
/\\//\\
\/\///\
/\/\/\/
/\/\/\/
\/\/\/\
\/\/\\/
\\///\\
/\\///\
\/\\/\/
/\/\/\/
/\/\/\/
\//\\//
\//\\\\
Case #355:
/\/\/\/\\/\\\\////
\////////////\///\
\\/////\\/\\\/\\\/
//\/\/\//\/\\\///\
Case #356:
//////////
//////////
//////////
//////////
//////////
//////////
//////////
//////////
//////////
//////////
Case #357:
/\/\/\//\\///\//\///\/\//
/\\/\////\//////////////\
/\\/\//////\//\//\\////\/
/\\\/\/\///\//\/\//\///\\
Case #358:
\\\/\\\/\\/\\\\\/\\\/\\/\\///\\/
\\\\////\\\/\\\\\/\\\/\/\\/\\///
////////\\\\///\\\////\/\\\/////
Case #359:
\///\\/\/\//\/\\//\\\/\/\
\////////////////////////
\///\\////////\\\/\\\///\
\\/\//\//\/\/\///\//\\/\/
Case #360:
/\\\///
\/\\//\
\\/\///
///////
///////
\//////
\\/\\\\
///////
///\\\\
\//////
///////
\/\\\\\
\/\\\\\
\\/\\\\
Case #361:
/\//\/\/\\//\/\/\/\\/\//
\////////\/////\///\/\/\
//\/\/\//\\/\//\\/\/\//\
Case #362:
\\\\/\////
//\\\/\\\\
///\\\////
\/\/\\\\\\
\/\/\\\\\\
\\///\\\\\
//////\\\\
\\/////\\\
////\//\\\
/\//\//\\\
Case #363:
/\///\\\\//\//////\\//\\/\/\/\///
/\/\\//\\//\////\\///\//////\//\\
/\\//\\/\/\////\/////\\\/\//\//\\
Case #364:
IMPOSSIBLE
Case #365:
\/\\//
///\//
\/////
/////\
\///\/
////\/
////\/
//////
/////\
//////
\////\
\/////
//////
\///\\
\\///\
//\//\
Case #366:
IMPOSSIBLE
Case #367:
/\/\\//\/\/\\//\\\/\
\///\////\\/\///\\/\
/\/\/\///\\/\\/\//\/
Case #368:
\//\\\/\\\\\//\\////\\\/
/////////\\\//\\////////
///\\\/\\/\\///\//\/\\\\
\/\///\///\\\//\//\\/\\\
Case #369:
/\\//\/\\//\\/
\/\/////\///\\
//\\///\/\///\
//\\\//\/\\/\/
Case #370:
IMPOSSIBLE
Case #371:
/
/
/
/
/
/
\
\
/
\
\
\
\
/
\
\
\
/
\
/
\
\
Case #372:
/\/\\//\/\\/\//\
\/////////\/\///
\\//\\/////////\
////////////////
////\\///////\//
/\/\//\/\/\//\/\
Case #373:
\//\\//\//
\///\/////
\\/////\\\
\\\/////\\
/////////\
\\\///////
//////////
//\/\/////
//\/\\/\\\
//\/\\\//\
Case #374:
IMPOSSIBLE
Case #375:
IMPOSSIBLE
Case #376:
IMPOSSIBLE
Case #377:
\//\\
////\
/////
\/\/\
\/\/\
/////
\/\//
Case #378:
\/\/
\\//
/\\\
Case #379:
/\//\/\
\//////
///////
///////
\///\\\
/////\\
\//////
/////\\
\/////\
\\/\/\/
/\/\/\/
\/////\
\\/////
/\\/\/\
Case #380:
IMPOSSIBLE
Case #381:
//\/\
\\/\/
///\/
/////
///\\
\/\/\
\/\/\
/////
\///\
\\/\/
/\/\/
\///\
/////
\////
/////
\///\
/////
////\
/////
\/\//
Case #382:
//\\\\\/\/////\\\\\//////\//\\\/\
///\\\\/\//\\\//\\\//////\////\/\
\//\\\\\//\/////\\\//////\\///\/\
Case #383:
\//\\//\\\\/\\\\/\/\
\///\///\\\\/\\\/\/\
///\/////\\\\/\\\///
\//\\/\/\/\\\\/\\\/\
///\\/\/\\/\\\/\\\\/
Case #384:
IMPOSSIBLE
Case #385:
///\/
///\/
////\
/////
\/\/\
\/\/\
\\///
\\\/\
/////
\\\/\
/////
////\
/////
\/\/\
\/\\/
\/\\\
///\\
\///\
/\//\
/\//\
Case #386:
IMPOSSIBLE
Case #387:
\\/\\//\/\\/\//\/\\/
////\/////\/\/////\\
/////////\//\\//////
\///\/\//\//\\\/\/\\
/\//\/\//\//\\\/\\/\
Case #388:
IMPOSSIBLE
Case #389:
/\\//
\////
Case #390:
IMPOSSIBLE
Case #391:
\/\////\\/\\\/
\/\/////////\\
\/\////\\/\\/\
\/\///////////
///////\\/\\/\
\///////\\////
/\/\/\/\/\\\/\
Case #392:
/\/\/
/\\//
Case #393:
IMPOSSIBLE
Case #394:
//\/\
\\///
/////
///\\
\/\//
Case #395:
IMPOSSIBLE
Case #396:
//\\\\/\\//\\\////\/
///\\\/\\//\\\//\\//
\/\/\\/\\//\\\//////
\/\/\\\/\/\/\\\/\\\\
\\//\\\\//\/\\\\////
Case #397:
IMPOSSIBLE
Case #398:
/\\
\/\
///
\/\
///
\/\
\\/
//\
\\/
//\
///
\/\
///
\/\
///
\/\
\\/
///
///
\\\
/\\
\/\
\\/
//\
/\/
Case #399:
/\\/\\/\/\/\/\\\///\\/\/\/\//\\/
\/\\/\\//\\/\/\\//\/\\////////\/
/\//\/\//\\/\/\\//\\//\/\//\/\//
Case #400:
\/\\/\/\\/\\/\\/\\\
/\//\/\//\//\/\\//\
Case #401:
\\\\\/\/\/\///\\\\\/\///\\/\\\\/\//\\//\\\////////\//////\//\\\/\/\\/\\\/\//\\\/\/\/\//\//\/\//\\/\\
Case #402:
//\
///
\/\
\/\
///
\/\
\\/
/\\
\/\
///
\//
\/\
///
\/\
///
\/\
\/\
///
\/\
\\/
/\\
\/\
\\/
/\\
\/\
\\/
/\\
\/\
\\/
Case #403:
///
///
\\\
///
\\\
///
\\\
/\\
\//
/\\
Case #404:
/\
\/
\\
/\
\/
\/
\/
/\
\/
\\
\\
\\
/\
\/
\\
/\
\/
//
//
//
/\
\/
//
/\
Case #405:
///\\\\\\/\//\\/\\\\\\\\//\\\\///
\\\//\\\\/\///\/\\\\\\\\/\//\\\\\
////\/////\\//\/\\\\\\\\/\\\////\
Case #406:
IMPOSSIBLE
Case #407:
\//
/\\
\//
///
\\\
\\\
//\
Case #408:
/\\\//////
\/\\/////\
\/\\//////
\/\\//////
\/\\//\///
\/\\//\///
\\/\//////
//////////
/\///\\\\\
/\\/\//\\\
Case #409:
IMPOSSIBLE
Case #410:
///\
Case #411:
IMPOSSIBLE
Case #412:
\\\
\\\
\\\
\\\
\\\
\\\
\\\
\\\
\\\
\\\
\\\
\\\
\\\
\\\
\\\
\\\
\\\
\\\
\\\
\\\
\\\
\\\
\\\
\\\
\\\
\\\
\\\
\\\
\\\
\\\
Case #413:
\///\
\////
\/\/\
\/\/\
\/\/\
/////
\/\/\
\/\/\
\\///
\\\//
/////
/////
\\\\\
\\\\\
/////
/\\\\
\/\\\
\/\\\
Case #414:
\//\\\\///\\\\/\\///
\/\/\\\////\\\/\\///
\/\/\\\/////\\/\\///
\/\\/\\\////\\/\\///
\/\\\/\\\///\\/\\\\\
Case #415:
\\/\//
\\/\\\
\\\/\\
/////\
//////
\\////
\\\///
//////
//\\\\
Case #416:
/\\\\//\\/\\\\/\/\
\/\\\//\\\/\\\\/\/
/\/\\///\\/\\\\/\/
/\/\\\/\/\/\\\\/\\
Case #417:
\/\///\/\////
///////////\\
\///////\\\/\
\////\///////
/////\\/\\\//
/\///\\\////\
Case #418:
\\\
\\\
//\
///
\/\
///
\//
//\
///
\//
\\\
\\\
//\
///
\/\
\\/
\\/
/\/
\/\
\\/
\\/
/\/
\/\
\\/
/\\
\/\
///
\//
//\
///
\//
/\\
\/\
Case #419:
\/\/\\\/\/
/////\\\/\
\/////\\\/
\\//////\\
//////\\/\
\\////////
//////\\//
\\//////\\
//////\\/\
/\/\/\///\
Case #420:
//\
///
\//
///
///
\\\
Case #421:
\//\\//////\\\
\///\/\\\\\/\\
\\////////////
//////\\\\\/\\
/\///////////\
/\\////\\\\//\
/\\\//\//////\
Case #422:
///\\/\\/\\\/\/\\\//
/\\/\\/\\//\\////\/\
\//\//\///\/\\//\//\
Case #423:
\/\///\\/\//\/
\\/////\/\/\/\
////\//\\//\\/
Case #424:
IMPOSSIBLE
Case #425:
//\\\//\/\/\/\/\
/\//\//\\/\//\/\
Case #426:
\\/\\\/\/\\//\/\
/\\/\\\///\/////
\/\\/\\\////////
\/\\\/\\\///////
\\/\\\/\\\///\\\
\\\/\\\///\//\\\
Case #427:
/\\/\/\//\\/\/
\////////////\
/////////\\///
//////////\\/\
\/\//////\/\\/
\/\//////\\/\\
//\\/\///\\\/\
Case #428:
IMPOSSIBLE
Case #429:
/\/\/\/
/\/\/\/
\//////
\\/////
///////
///////
\///\\\
\////\\
/\\///\
\//////
\\\///\
///////
/\\////
\//\/\\
Case #430:
IMPOSSIBLE
Case #431:
\\\//\\//\\\\\/\\\/\
//\/////////\\\/\\\/
/////////\\\/\\\/\\/
\/////////////\\\///
\\///\/\///\/\/\\\\\
Case #432:
///////\\\\\//
///////\\\\\//
///////\\\\\//
///////\\\\\//
///////\\\\\//
///////\\\\\//
///////\\\\\//
Case #433:
/\//\//\//
/\//////\\
\/\//////\
\/\///////
\/\\//////
\/\\\/////
\/\\\\////
\\/\\\\\\\
///\\\\\\\
Case #434:
/\\\\\\/\\/\///\\///
\/\\\\\/\\/\////\/\\
\\/\\\\/\\/\///\////
//\/\\\\/\\////\\///
//\\/\\\/\\\///\\\\\
Case #435:
IMPOSSIBLE
Case #436:
IMPOSSIBLE
Case #437:
\/\//\\/\
\/\///\/\
\\///////
\\\//////
\\\\///\\
///\\///\
\\\/\\///
\\\\/\\/\
//////\\/
///\/\/\\
Case #438:
////
////
////
////
\\\\
\\\\
////
////
\\\\
\\\\
////
////
\\\\
\\\\
////
////
\\\\
\\\\
////
////
\\\\
\\\\
////
////
\\\\
Case #439:
\\\\
\\\\
\\\\
\\\\
\\\\
\\\\
\\\\
\\\\
\\\\
\\\\
\\\\
\\\\
\\\\
\\\\
\\\\
\\\\
\\\\
\\\\
\\\\
\\\\
\\\\
\\\\
Case #440:
\///\
/////
/////
////\
\////
/////
///\\
\///\
/////
\/\//
\/\/\
\\/\/
\\/\/
/\/\\
\///\
/////
\///\
\\///
\\\/\
\\\/\
Case #441:
\\/\\/\\\//\\\\\/\\/\\//\///\//\/
\\\/\\/\\////\\\\////\/\//////\/\
//\\//\/\\/\\/////\/\//\//\///\\/
Case #442:
IMPOSSIBLE
Case #443:
//\\\/
\\/\\/
////\/
\\///\
//////
\\////
//////
//////
\//\\\
//////
///\\\
\/\///
\/\\\\
Case #444:
IMPOSSIBLE
Case #445:
///
//\
///
\/\
\/\
\\/
\\/
\\/
\\\
\\\
\\\
//\
\\/
/\\
\/\
\\/
///
///
\\\
\\\
///
\\\
///
/\\
\//
\\\
\\\
\\\
///
\\\
\\\
//\
//\
Case #446:
IMPOSSIBLE
Case #447:
IMPOSSIBLE
Case #448:
//\\/
///\\
\///\
/////
\/\/\
\/\\/
\\/\\
/\\/\
\/\\/
Case #449:
/\\\\\\///\///
\////\\///////
///\\/\////\\\
////////////\\
///\\////////\
\//////\\/\///
/\//\/\///\\//
Case #450:
\\//\//\/
\\//\////
\\///////
/////////
/////\\\\
\////////
\\///////
\\\/\\\\\
//\\/////
/\/\\\\\\
Case #451:
\\//\//\\\/\/\
\\//\////\\///
/\/////\\/\\/\
\//////////\\/
///////\\///\\
\/\/\////\///\
\/\/\\///\\//\
Case #452:
IMPOSSIBLE
Case #453:
/\\/\\/
\////\/
\\\///\
///////
/\\///\
\//////
/\\///\
\//////
//////\
///////
\//////
/\/\/\\
/\/\\//
/\/\\\\
Case #454:
\\\\////\\\/\/
///\/////\\\/\
//////////\\\/
/\/////////\\/
/\////\/////\\
/\////\\/\///\
/\\///\\/\\/\/
Case #455:
\/\///
////\\
\/////
////\\
//////
\///\\
\\///\
/\\///
\/\\/\
///\\/
\///\\
\\///\
//////
\\///\
//\///
//\\/\
Case #456:
IMPOSSIBLE
Case #457:
\\//\\\/\\/\/\\//\\/
\\///\\\/\\///\///\\
\\\///\\\/\\///////\
//\\/\/\\\/\\///\//\
/\///\\/\\\/\\//\//\
Case #458:
\/\//
\\/\\
////\
/////
\///\
/////
\///\
/////
\////
////\
\////
\///\
/////
\///\
/////
\////
///\\
\///\
\\//\
\\//\
Case #459:
\\\
\\\
//\
/\/
/\/
\//
\//
\//
\//
\\\
///
\\\
\\\
\\\
\\\
\\\
\\\
///
///
///
///
\\\
\\\
\\\
/\\
\/\
\/\
\\/
\\/
\\/
//\
\\/
\\\
Case #460:
/\\\//\/////\\\/\\/////\/
\//\///////\//\/\\//////\
\\\////////\\\///\///////
///\///////\\\\//\//\/\//
Case #461:
/\/\//\/\\/\\/\/\/\\
\///////////\\//////
/////////////\\/////
\///////\///\/\\//\\
//\/\///\\//\\///\//
Case #462:
/\/\//
\/////
\\/\\\
\\\/\\
\\\\/\
//////
//////
\\\/\\
\\\\/\
//\\\/
\\/\\\
\\\/\\
/////\
\\\///
//////
\\\/\\
Case #463:
IMPOSSIBLE
Case #464:
\//\/\//\/\//
\//\/\///\///
\////////\///
\\///////\\\\
\\\//////\\\\
///\/////\\\\
///\/////\\\\
Case #465:
/\/\
\///
///\
\/\/
\/\/
///\
\/\/
Case #466:
IMPOSSIBLE
Case #467:
\\\\\\\\/
////\\\\/
//\\/\\\/
//////\\/
\/\\///\/
/////////
\//////\\
//\////\\
//\\///\\
//\\///\\
Case #468:
\\\//\/\/\\\/\/\/\//\/\\\
//\/\/\///\\/\/\/\///////
////\/\\/\/\/\\///////\\\
\///\/\\/\/\/\\\/\/\//\\\
Case #469:
\\
/\
\/
\/
\/
/\
\/
\/
\/
/\
\/
\/
\\
//
\\
//
/\
\/
/\
\/
Case #470:
\\\\\///\\
\\\\\////\
/\\\\/\/\/
\/\\\/\/\/
\\/\\\///\
\\\//\\/\/
///\\/\/\/
\\\////\/\
\\\\\//\\/
///////\\/
Case #471:
\//\\/\/\\/\/\\/\\/\\/\\/\/\\\\//
\////////\\//////\\////\\/////\\\
\\//\/\//\\\/\\/\/\\\/\//\///\//\
Case #472:
/\\\/
\/\\/
Case #473:
/\\
\/\
///
\/\
/\/
/\/
\//
//\
///
\//
//\
///
\/\
///
\//
\\\
///
Case #474:
IMPOSSIBLE
Case #475:
/\/////
/\/\\\\
\/\/\\\
\/\/\\\
/////\\
\/////\
///////
\/////\
\\/\/\/
\\/\/\/
\\\///\
/////\/
/////\/
/\///\/
Case #476:
\\//\/\
\\//\/\
/\/////
\//////
/////\\
\/////\
///////
\//////
///////
\/\////
\/\////
\/\///\
//\//\/
Case #477:
/\
\/
\/
/\
\/
/\
\/
\/
/\
\/
//
//
\\
/\
\/
/\
\/
//
\\
/\
\/
\\
//
/\
\/
\/
/\
\/
/\
\/
//
/\
\/
\/
/\
\/
/\
\/
//
//
/\
\/
/\
\/
\\
//
/\
\/
\\
\\
Case #478:
\//\\/\\/\\\\\/\
\/\/\\/\\/\\\\\/
\/\\/\/\\\/\\\\/
\/\\\//\\\\/\\\/
\/\\\//\\\\\////
\/\\\//\\\\\\\\\
Case #479:
/\///
\///\
\////
\///\
\\///
\\\/\
/////
/////
///\\
\/\/\
\/\/\
\/\/\
/\/\/
/\/\/
/\/\/
/\/\/
/\/\/
\//\/
///\/
///\/
Case #480:
IMPOSSIBLE
Case #481:
\\\\\\\\\/
/////\\\\/
//\\\/\\\\
///////\\\
\/\\\///\\
/////////\
\/\\\/////
/////////\
\/\\\////\
//\\\\///\
Case #482:
\///\//\\\/\\\//\/\\\/\\\//\\\\\/\\/\///\/\\/\//\\
Case #483:
\\\\\\\///
//\\\\\///
///\\\\///
\///\\\///
\\///\\//\
\\\///\///
//\\/////\
///\\/\//\
\///\/\//\
\\//\\///\
Case #484:
\\
//
\\
\\
/\
\/
\\
Case #485:
IMPOSSIBLE
Case #486:
\///
///\
////
///\
\///
////
\/\\
\\/\
////
/\/\
Case #487:
\\/\/
\\\//
/\\\\
\/\\\
\\/\\
\\\/\
\\\\/
\\\\/
///\/
\\\//
Case #488:
//\\\
////\
\/\\/
\\//\
/\\\/
\/\\\
//\\\
Case #489:
\/
//
\\
\\
//
Case #490:
\\///\\/
//////\/
///////\
\\\///\/
//////\/
///////\
\\//////
////////
////////
/\/\//\\
Case #491:
IMPOSSIBLE
Case #492:
/\\/
\///
////
////
////
//\\
///\
\///
///\
\/\/
\/\/
\/\/
\\/\
////
\\//
///\
Case #493:
\\//\
/\///
\/\//
\/\//
//\//
/////
\////
\//\\
////\
/////
\///\
/////
\///\
\\/\/
/\/\/
\/\/\
\/\/\
////\
\///\
\///\
Case #494:
\\\\
\\\\
\\\\
\\\\
////
////
\\\\
\\\\
////
////
\\\\
\\\\
Case #495:
//\\/\\\//\\\\/\\\///\\//\\/\
///\\///\\/\\\\//\\\\/////\\/
\/\////\//\///\\\//////\//\\\
Case #496:
/\\\/\/\//\/\/\\\/\/\\\//
\/\\/\/\/\/////\\/\\/\\/\
//\\\////\\////\\\/\\/\/\
//\\\\///\\\///\\\\/\\/\/
Case #497:
/\/\//\\/\\\//\\
\//////////\///\
\\///////\\/////
/////////\\\///\
\\\//\///\\\\///
/////\///\\\\\/\
Case #498:
IMPOSSIBLE
Case #499:
/\\\//\///
\/\\//\///
\\/\////\\
\\\//////\
//////////
/////////\
\\//////\/
////////\\
//\/////\\
//\\////\\
Case #500:
IMPOSSIBLE
