Case #1: 19 20
Case #2: 923 923
Case #3: 9 9
Case #4: 95 90
Case #5: 99 90
Case #6: 960 919
Case #7: 919 950
Case #8: 469 469
Case #9: 90 90
Case #10: 294 295
Case #11: 99 99
Case #12: 296 296
Case #13: 09 90
Case #14: 993 993
Case #15: 439 440
Case #16: 995 995
Case #17: 99 99
Case #18: 897 900
Case #19: 099 909
Case #20: 940 909
Case #21: 970 939
Case #22: 409 159
Case #23: 99 99
Case #24: 892 920
Case #25: 09 99
Case #26: 029 300
Case #27: 899 930
Case #28: 909 950
Case #29: 99 99
Case #30: 021 021
Case #31: 99 99
Case #32: 99 95
Case #33: 950 919
Case #34: 299 299
Case #35: 0 0
Case #36: 969 979
Case #37: 90 89
Case #38: 919 960
Case #39: 191 191
Case #40: 99 99
Case #41: 979 992
Case #42: 310 315
Case #43: 0 0
Case #44: 990 949
Case #45: 778 778
Case #46: 98 93
Case #47: 909 940
Case #48: 110 099
Case #49: 869 900
Case #50: 219 263
Case #51: 90 99
Case #52: 396 395
Case #53: 992 989
Case #54: 594 594
Case #55: 90 95
Case #56: 129 205
Case #57: 939 980
Case #58: 494 494
Case #59: 686 686
Case #60: 99 09
Case #61: 689 691
Case #62: 490 049
Case #63: 9 9
Case #64: 95 99
Case #65: 929 970
Case #66: 05 05
Case #67: 387 099
Case #68: 998 993
Case #69: 929 960
Case #70: 772 772
Case #71: 960 929
Case #72: 930 930
Case #73: 329 329
Case #74: 99 99
Case #75: 990 959
Case #76: 765 765
Case #77: 992 988
Case #78: 90 90
Case #79: 399 509
Case #80: 930 899
Case #81: 904 897
Case #82: 583 583
Case #83: 099 099
Case #84: 00 00
Case #85: 90 90
Case #86: 99 99
Case #87: 990 989
Case #88: 09 09
Case #89: 99 99
Case #90: 980 939
Case #91: 308 310
Case #92: 950 909
Case #93: 992 993
Case #94: 989 990
Case #95: 5 5
Case #96: 95 95
Case #97: 910 865
Case #98: 721 679
Case #99: 560 299
Case #100: 600 359
Case #101: 093 209
Case #102: 074 074
Case #103: 894 894
Case #104: 876 920
Case #105: 940 936
Case #106: 499 499
Case #107: 926 922
Case #108: 609 640
Case #109: 99 99
Case #110: 399 399
Case #111: 879 910
Case #112: 487 491
Case #113: 730 727
Case #114: 5 5
Case #115: 05 05
Case #116: 902 898
Case #117: 988 992
Case #118: 889 920
Case #119: 500 469
Case #120: 90 90
Case #121: 959 919
Case #122: 094 039
Case #123: 09 09
Case #124: 905 927
Case #125: 909 990
Case #126: 199 199
Case #127: 910 879
Case #128: 997 997
Case #129: 990 989
Case #130: 999 999
Case #131: 95 95
Case #132: 159 161
Case #133: 949 990
Case #134: 95 95
Case #135: 920 889
Case #136: 359 359
Case #137: 402 402
Case #138: 645 645
Case #139: 102 099
Case #140: 599 680
Case #141: 90 09
Case #142: 09 09
Case #143: 970 929
Case #144: 705 706
Case #145: 926 926
Case #146: 800 699
Case #147: 998 993
Case #148: 165 165
Case #149: 899 900
Case #150: 15 10
Case #151: 99 99
Case #152: 709 720
Case #153: 891 894
Case #154: 89 90
Case #155: 975 973
Case #156: 990 909
Case #157: 974 971
Case #158: 819 819
Case #159: 570 526
Case #160: 95 95
Case #161: 959 990
Case #162: 104 300
Case #163: 900 869
Case #164: 282 406
Case #165: 900 899
Case #166: 489 500
Case #167: 99 99
Case #168: 504 507
Case #169: 09 09
Case #170: 95 99
Case #171: 939 970
Case #172: 587 590
Case #173: 640 640
Case #174: 947 947
Case #175: 99 99
Case #176: 10 15
Case #177: 299 299
Case #178: 397 760
Case #179: 159 400
Case #180: 796 800
Case #181: 949 980
Case #182: 899 899
Case #183: 99 95
Case #184: 189 230
Case #185: 179 500
Case #186: 00 00
Case #187: 93 98
Case #188: 980 949
Case #189: 249 249
Case #190: 993 989
Case #191: 089 104
Case #192: 088 090
Case #193: 993 998
Case #194: 994 994
Case #195: 942 942
Case #196: 611 660
Case #197: 993 998
Case #198: 9 9
Case #199: 709 650
Case #200: 999 999
