Case #1:
1000000000101111 5 2 3 2 1369 2 5 2 3
1000000000111011 1931 2 3 2 1297 2 1747 2 3
1000000000111101 3 2 3 2 2017 2 3 2 3
1000000010110101 3 2 3 2 2107 2 3 2 3
1000000011100011 5 2 3 2 599 2 5 2 3
1000000011100101 3 2 3 2 3877 2 3 2 3
1000000100010111 4721 2 3 2 1511 2 6763 2 3
1000000100100111 3 2 3 2 1811 2 3 2 3
1000000100101101 3 2 3 2 2467 2 3 2 3
1000000100111001 3 2 3 2 3703 2 3 2 3
1000000101001011 3 2 3 2 2267 2 3 2 3
1000000101101001 3 2 3 2 983 2 3 2 3
1000000101101111 3 2 5 2 821 2 3 2 2609
1000000110110001 3 2 3 2 4451 2 3 2 3
1000001000000101 3 2 5 2 2087 2 3 2 8107
1000001000110101 3 2 3 2 7481 2 3 2 3
1000001001010011 3 2 3 2 1361 2 3 2 3
1000001001101001 5 2 3 2 4583 2 5 2 3
1000001010000111 5 2 3 2 631 2 5 2 3
1000001010100101 5 2 3 2 3907 2 5 2 3
1000001011000011 5 2 3 2 521 2 5 2 3
1000001011000101 3 2 3 2 983 2 3 2 3
1000001011010001 3 2 3 2 6727 2 3 2 3
1000001011111111 5 2 3109 2 5 2 5 2 9941
1000001100110111 3 2 5 2 1051 2 3 2 1231
1000001101001001 3 2 3 2 5147 2 3 2 3
1000001101011011 3 2 5 2 991 2 3 2 9091
1000001101110011 3 2 5 2 1171 2 3 2 539
1000001101111111 3 2 5 2 5 2 3 2 7307
1000001110000101 3 2 3 2 1421 2 3 2 3
1000001110010001 3 2 3 2 3623 2 3 2 3
1000001111000111 3 2 5 2 643 2 3 2 9901
1000001111011111 3 2 5 2 5 2 3 2 9091
1000010000001111 3 2 3 2 3577 2 3 2 3
1000010000100001 3 2 5 2 6781 2 3 2 3541
1000010001001011 3 2 3 2 1999 2 3 2 3
1000010001011001 1993 2 3 2 1297 2 1657 2 3
1000010001111011 3 2 5 2 1297 2 3 2 5507
1000010010011001 3 2 3 2 1733 2 3 2 3
1000010010100011 5 2 3 2 5333 2 5 2 3
1000010011001111 3 2 5 2 6011 2 3 2 9209
1000010011100001 3 2 3 2 4211 2 3 2 3
1000010011100111 3 2 5 2 1571 2 3 2 9091
1000010100001011 3 2 3 2 2081 2 3 2 3
1000010101101011 3 2 5 2 539 2 3 2 1573
1000010101110111 3 1009 3 3 3221 3 3 5039 3
1000010110000011 3 2 3 2 2339 2 3 2 3
1000010110001001 3 2 3 2 1421 2 3 2 3
1000010110111001 3 2 5 2 2999 2 3 2 1307
1000010111101111 3 2 5 2 5 2 3 2 9091
