Case #1: 3
Case #2: 1
Case #3: IMPOSSIBLE
Case #4: 1 2
Case #5: 4 3
Case #6: 5 15
Case #7: 5041125604918 10932667181447 16824208757976 22715750334505 28607291911034 34498833487563 40390375064092 46281916640621 52173458217150 58064999793679 63956541370208 69848082946737 75739624523266 832881621682
Case #8: 1
Case #9: 666128779 1469401717 2272674655 3075947593 3879220531 4682493469 5485766407
Case #10: 1 2 3 4 5 6 7 8 9 10 11 12 13 14 15 16 17 18 19 20 21 22 23 24 25 26 27 28 29 30 31 32 33 34 35 36 37 38 39 40 41 42 43 44 45 46 47 48 49 50 51 52 53 54 55 56 57 58 59 60 61 62 63 64 65 66 67 68 69 70 71 72 73 74 75 76 77 78 79 80 81 82 83 84 85 86 87 88 89 90 91 92 93 94 95 96 97 98 99 100
Case #11: IMPOSSIBLE
Case #12: 1
Case #13: 48028639 104789756
Case #14: IMPOSSIBLE
Case #15: IMPOSSIBLE
Case #16: 22
Case #17: 1
Case #18: 1
Case #19: IMPOSSIBLE
Case #20: 229
Case #21: 1
Case #22: 26 78 130 182 234 286 338 390 442 494 546 598 25
Case #23: 3
Case #24: 3
Case #25: IMPOSSIBLE
Case #26: 43293575344 95354325652 147415075960 199475826268 251536576576 303597326884 355658077192 407718827500 459779577808 511840328116 563901078424 615961828732 668022579040 720083329348 772144079656 824204829964 97
Case #27: IMPOSSIBLE
Case #28: 3
Case #29: 505231 1183055 1860879 2538703 3216527 3894351 4572175 5249999 5927823 6605647 7283471 7961295 8639119 166318
Case #30: 7261 18244 29227 40210 51193 62176 73159 84142 95125 106108 117091 128074 139057 150040 161023 172006 182989 193972 204955 215938
Case #31: 94288897759131517 197497015576559257 613813
Case #32: 4 3
Case #33: 3
Case #34: 22
Case #35: 20038763430977845 42616374717464194 65193986003950543 87771597290436892 110349208576923241 132926819863409590 155504431149895939 178082042436382288 200659653722868637 592618
Case #36: 12881 32324 51767 71210 90653 110096 129539 148982 168425 187868 207311 226754 246197 265640 285083 304526 323969 343412 362855 382298 401741 421184 440627 460070 479513 498956 6399
Case #37: 1
Case #38: 1
Case #39: 288910269 651042974 1013175679 1375308384 1737441089 2099573794 2461706499 2823839204 3185971909 3548104614 3910237319 4272370024 4634502729 4996635434 5358768139 5720900844 6083033549 6445166254 8463
Case #40: 20101 50404 80707 111010 141313 171616 201919 232222 262525 292828 323131 353434 383737 414040 444343 474646 504949 535252 565555 595858 626161 656464 686767 717070 747373 777676 807979 838282 868585 898888 929191 959494 989797 100
Case #41: 3
Case #42: 1
Case #43: 1
Case #44: 1
Case #45: IMPOSSIBLE
Case #46: 3020101 7060505 11100909 15141313 19181717 23222121 27262525 31302929 35343333 39383737 43424141 47464545 51504949 55545353 59585757 63626161 67666565 71706969 75747373 79787777 83828181 87868585 91908989 95949393 99989797
Case #47: 1 2 3 4
Case #48: IMPOSSIBLE
Case #49: 1
Case #50: 9876543211
Case #51: IMPOSSIBLE
Case #52: IMPOSSIBLE
Case #53: IMPOSSIBLE
Case #54: IMPOSSIBLE
Case #55: 14986011242934757 31871657713847158 48757304184759559 65642950655671960 82528597126584361 99414243597496762 116299890068409163 133185536539321564 150071183010233965
Case #56: 43211 98766
Case #57: IMPOSSIBLE
Case #58: IMPOSSIBLE
Case #59: 101 303 505 707 909 1111 1313 1515 1717 1919 2121 2323 2525 2727 2929 3131 3333 3535 3737 3939 4141 4343 4545 4747 4949 5151 5353 5555 5757 5959 6161 6363 6565 6767 6969 7171 7373 7575 7777 7979 8181 8383 8585 8787 8989 9191 9393 9595 9797 9999
Case #60: 11046255305880159
Case #61: IMPOSSIBLE
Case #62: 80706050403020101 171615141312111010 262524232221201919 353433323130292828 444342414039383737 535251504948474646 626160595857565555 717069686766656464 807978777675747373 898887868584838282 989796959493929191 100
Case #63: 4341763041622356 9134820449578217 17227873916
Case #64: IMPOSSIBLE
Case #65: 24755332125 53232054045 3397790684
Case #66: 800668
Case #67: IMPOSSIBLE
Case #68: IMPOSSIBLE
Case #69: 1
Case #70: 1 2 3 4 5 6 7 8 9 10 11 12 13 14 15 16 17 18 19 20 21 22 23 24 25 26 27 28 29 30 31 32 33 34 35 36 37 38 39 40 41 42 43 44 45 46 47 48 49 50 51 52 53 54 55 56 57 58 59 60 61 62 63 64 65 66 67 68 69 70 71 72 73 74 75 76 77 78 79 80 81
Case #71: 22
Case #72: 11584701642934305 24369113488373132 1124728314847991
Case #73: 82831 194555 306279 418003 529727 641451 753175 899
Case #74: 1
Case #75: 23130798294277 49246215723298 75361633152319 101477050581340
Case #76: 1 2 3 4 5 6 7 8 9 10 11 12 13 14 15 16 17 18 19 20 21 22 23 24 25 26 27 28
Case #77: IMPOSSIBLE
Case #78: 22
Case #79: 680271869549 1460822859309 2241373849069 3021924838829 69290451
Case #80: 229
Case #81: 10480128712 23091314236 35702499760 48313685284 60924870808 73536056332 86147241856 98758427380 111369612904 123980798428 136591983952 149203169476 73
Case #82: IMPOSSIBLE
Case #83: IMPOSSIBLE
Case #84: 1 2 3
Case #85: IMPOSSIBLE
Case #86: IMPOSSIBLE
Case #87: 9876543211
Case #88: 8358087137325 17936501046765 27514914956205 37093328865645 46671742775085 56250156684525 418040835
Case #89: 148390053388881 318285911616729 488181769844577 658077628072425 827973486300273 997869344528121 1167765202755969 1337661060983817 1507556919211665 1677452777439513
Case #90: 37 4
Case #91: IMPOSSIBLE
Case #92: 16434825
Case #93: 800668
Case #94: 1
Case #95: 5873688016 12944209012 20014730008 27085251004 34155772000 41226292996 48296813992 55367334988 62437855984 69508376980 1160007351
Case #96: 157588822831 338581926279 519575029727 728133175
Case #97: 18210271743045653 38728104638263502 59245937533481351 79763770428699200 100281603323917049 120799436219134898 141317269114352747 161835102009570596 182352934904788445 6888
Case #98: 22
Case #99: IMPOSSIBLE
Case #100: IMPOSSIBLE
