Case #1: 3
Case #2: 1
Case #3: 1 2
Case #4: 4 3
Case #5: 148390053388881 318285911616729 488181769844577 658077628072425 827973486300273 997869344528121 1167765202755969 1337661060983817 1507556919211665 1677452777439513
Case #6: 44791
Case #7: 1 2 3 4 5 6 7 8 9 10 11 12 13 14 15 16 17 18 19 20 21 22 23 24 25 26 27 28 29 30 31 32 33 34 35 36 37 38 39 40 41 42 43 44 45 46 47 48 49 50 51 52 53 54 55 56 57 58 59 60 61 62 63 64 65 66 67 68 69 70 71 72 73 74 75 76 77 78 79 80 81
Case #8: 51512022160664821 1276454294
Case #9: 1
Case #10: 5 15
Case #11: 8842413667693
Case #12: 4822160664821 10211634349031
Case #13: 8002 20101 32200 44299 56398 68497 80596 92695 104794 116893 128992 141091 153190 165289 177388 189487 201586 213685 225784 237883 249982
Case #14: 7279613338688555 15483225626027114 23686837913365673 31890450200704232 40094062488042791 48297674775381350 56501287062719909 64704899350058468 5475
Case #15: 39017439646 85938198622 132858957598 179779716574 226700475550 273621234526 320541993502 367462752478 414383511454 461304270430 508225029406 555145788382 602066547358 648987306334 695908065310 7736933661
Case #16: 5254 13213 21172 29131 37090 45049 53008 60967 68926 76885 84844 92803 100762 108721 116680 124639 132598
Case #17: 282458553906
Case #18: 1 2 3 4
Case #19: 17767 44560 71353 98146 124939 151732 178525 205318 232111 258904 285697 312490 339283 366076 392869 419662 446455 473248 500041 526834 553627 580420 607213 634006 660799 687592 714385 741178 767971 794764 821557 94
Case #20: 23417003 52841508 82266013 111690518 141115023 170539528 199964033 229388538 258813043 5762299
Case #21: 5025952702 11076614206 17127275710 23177937214 29228598718 35279260222 41329921726 47380583230 53431244734 59481906238 249982
Case #22: 1 2 3 4 5 6 7 8 9 10 11 12 13 14 15 16 17 18 19 20 21 22 23 24 25 26 27 28 29 30 31 32 33 34 35 36 37
Case #23: 1 2 3 4 5 6 7 8 9 10 11 12 13 14 15 16 17 18 19 20 21 22 23 24 25 26 27 28 29 30 31 32 33 34 35 36 37 38 39 40 41 42 43 44 45 46 47 48 49 50 51 52 53 54 55 56
Case #24: 44791
Case #25: 3020101 7060505 11100909 15141313 19181717 23222121 27262525 31302929 35343333 39383737 43424141 47464545 51504949 55545353 59585757 63626161 67666565 71706969 75747373 79787777 83828181 87868585 91908989 95949393 99989797
Case #26: 19834659 44763464 69692269 94621074 119549879 144478684 169407489 194336294 219265099 2208
Case #27: 458110544631407 982470921871047 1506831299110687 2031191676350327 2555552053589967 3079912430829607 3604272808069247 4128633185308887 4652993562548527 5177353939788167 5701714317027807 689790018103
Case #28: 1
Case #29: 37 4
Case #30: 97430419325 209371752165 321313085005 613813
Case #31: 214160664821 456686980610 399
Case #32: 1
Case #33: 1126121592830 408735788
Case #34: 22
Case #35: 3
Case #36: 16549388881 36459059767 56368730653 76278401539 96188072425 116097743311 136007414197 155917085083 175826755969 195736426855 215646097741 235555768627 255465439513 6399
Case #37: 86478117 194980622 303483127 411985632 520488137 628990642 737493147 845995652 954498157 1063000662 1171503167 1280005672 1388508177 314362
Case #38: 229
Case #39: 1 2 3 4 5 6 7 8
Case #40: 3704967399997733 7880846544294242 12056725688590751 16232604832887260 20408483977183769 24584363121480278 28760242265776787 1453609680
Case #41: 43211 98766
Case #42: 277471 650255 1023039 1395823 1768607 2141391 2514175 2886959 3259743 3632527 4005311 45
Case #43: 1
Case #44: 1
Case #45: 253099803 570375908 887652013 1204928118 1522204223 1839480328 2156756433 2474032538 2791308643 3108584748 3425860853 3743136958 4060413063 4377689168 4694965273 5012241378 5329517483 62734139
Case #46: 80706050403020101 171615141312111010 262524232221201919 353433323130292828 444342414039383737 535251504948474646 626160595857565555 717069686766656464 807978777675747373 898887868584838282 989796959493929191 100
Case #47: 48028639 104789756
Case #48: 3
Case #49: 30 90 150 210 270 330 390 450 510 570 630 690 750 810 29
Case #50: 2931
Case #51: 22
Case #52: 95337880051 206945022908 318552165765 430159308622 541766451479 653373594336 764980737193 50
Case #53: 1 2 3 4 5 6 7 8 9 10 11 12 13 14 15 16 17 18 19 20 21 22 23 24 25 26 27 28 29 30 31 32 33 34 35 36 37 38 39 40 41 42 43 44 45 46 47 48 49 50 51 52 53 54 55 56 57 58 59 60 61 62 63 64 65 66 67 68
Case #54: 1990735 4655375 7320015 9984655 12649295 15313935 17978575 20643215 23307855 25972495 28637135 31301775 33966415 36631055 39295695 41960335 44624975 47289615 49954255 52618895 55283535 658414
Case #55: 70965434582920 150154331542400 10444879308
Case #56: 1 2 3
Case #57: 101 303 505 707 909 1111 1313 1515 1717 1919 2121 2323 2525 2727 2929 3131 3333 3535 3737 3939 4141 4343 4545 4747 4949 5151 5353 5555 5757 5959 6161 6363 6565 6767 6969 7171 7373 7575 7777 7979 8181 8383 8585 8787 8989 9191 9393 9595 9797 9999
Case #58: 3
Case #59: 242263 567863 893463 1219063 1544663 1870263 2195863 2521463 2847063 3172663 79462
Case #60: 163489515258367 347927547792178 532365580325989 716803612859800 901241645393611 46
Case #61: 10 30 50 70 9
Case #62: 276921825385415 582993316600872
Case #63: 22
Case #64: 1
Case #65: 63270097871967397 134541759620832886 205813421369698375 277085083118563864 348356744867429353 419628406616294842 490900068365160331 562171730114025820 633443391862891309 704715053611756798 80789517303148
Case #66: 1
Case #67: 21194785771147 13
Case #68: 3046610084896 321691748095
Case #69: 229
Case #70: 1
Case #71: 1 2 3 4 5 6 7 8 9 10 11 12 13 14 15 16 17 18 19 20 21 22 23 24 25 26 27 28 29 30 31 32 33
Case #72: 1 2 3 4 5 6 7 8 9 10 11 12 13 14 15 16 17 18 19 20 21 22 23 24 25 26 27 28 29 30 31 32 33 34 35 36 37 38 39 40 41 42 43 44 45 46 47 48 49 50 51 52 53 54 55 56 57 58 59 60 61 62 63 64 65 66 67 68 69 70 71 72 73 74 75 76 77 78 79 80 81 82 83 84 85 86 87 88 89 90 91 92 93 94 95 96 97 98 99 100
Case #73: 9876543211
Case #74: 18470302231 40116493532 61762684833 83408876134 105055067435 54832
Case #75: 93 279 465 651 837 1023 1209 1395 1581 1767 1953 2139 2325 2511 2697 2883 3069 3255 3441 3627 3813 3999 4185 4371 4557 4743 4929 5115 5301 5487 5673 5859 6045 6231 6417 6603 6789 6975 7161 7347 7533 7719 7905 8091 8277 8463
Case #76: 200949153388822831 420855774078478003 728133175
Case #77: 66 198 330 462 594 726 858 990 1122 1254 1386 1518 1650 1782 1914 2046 2178 2310 2442 2574 2706 2838 2970 3102 3234 3366 3498 3630 3762 3894 4026 4158 65
Case #78: 167543 392963 618383 843803 1069223 1294643 1520063 1745483 1970903 1443
Case #79: 1
Case #80: 22
Case #81: 94288897759131517 197497015576559257 613813
Case #82: 12247 30736 49225 67714 86203 104692 123181 141670 160159 178648 197137 215626 234115 252604 271093 289582 308071 326560 345049 363538 382027 400516 419005 437494 455983 474472
Case #83: 270695489583205 576023039191414 881350588799623 1186678138407832 1492005688016041 5762299
Case #84: 187839406777 407651478536 627463550295 847275622054 1067087693813 1286899765572 1506711837331 1726523909090
Case #85: 38677137976 83980239827 129283341678 174586443529 219889545380 265192647231 43
Case #86: 6389205062029 13712076193293 21034947324557 28357818455821 35680689587085 43003560718349 132598
Case #87: 3322831 7512486 11702141 15891796 20081451 24271106
Case #88: 21286060597320 24043282
Case #89: 46 138 230 322 414 506 598 690 782 874 966 1058 1150 1242 1334 1426 1518 1610 1702 1794 1886 1978 45
Case #90: 1 2 3 4 5 6 7 8 9 10 11 12 13 14 15 16 17 18 19 20 21 22 23 24 25 26
Case #91: 328392771 739978376 1151563981 1563149586 1974735191 2386320796 2797906401 3209492006 3621077611 4032663216 4444248821 4855834426 5267420031 5679005636 6090591241 6502176846 6913762451 7325348056 7736933661
Case #92: 1 2 3 4 5 6 7 8 9 10 11 12 13 14 15 16 17 18 19 20 21 22 23 24 25 26 27 28 29 30 31 32 33 34 35 36 37 38 39 40 41 42 43 44 45 46 47 48 49 50 51 52 53 54 55 56 57 58 59 60 61 62 63 64 65 66 67 68 69 70 71 72 73 74 75 76 77 78 79 80 81 82 83 84 85 86 87
Case #93: 20101 50404 80707 111010 141313 171616 201919 232222 262525 292828 323131 353434 383737 414040 444343 474646 504949 535252 565555 595858 626161 656464 686767 717070 747373 777676 807979 838282 868585 898888 929191 959494 989797 100
Case #94: 8842413667693
Case #95: 1 2 3 4 5 6 7 8 9 10 11 12 13 14 15 16 17 18 19 20
Case #96: 1
Case #97: 25454147837242645 53798286258626375 82142424680010105 110486563101393835 138830701522777565 2703
Case #98: 3
Case #99: 918485486446 1992538120247 3066590754048 4140643387849 5214696021650 6288748655451 7362801289252 8436853923053 9510906556854 10584959190655 388942
Case #100: 22
