Case #1: 1
1 1
Case #2: 3
1 3
2 2
3 1
Case #3: 3
5 2
2 1
6 4
Case #4: 0
Case #5: 16
5 10
7 19
2 11
9 1
4 8
10 20
11 22
3 7
14 53
15 44
16 58
17 59
18 60
13 37
19 55
20 54
Case #6: 16
5 12
7 15
9 20
10 32
11 28
12 33
14 35
15 57
16 36
17 37
18 55
19 52
20 50
2 2
4 8
3 1
Case #7: 27
1 1
2 2
3 3
5 31
6 15
7 9
8 10
9 28
10 16
12 30
13 50
14 39
15 38
16 59
17 40
18 60
19 32
20 46
21 53
22 55
4 13
23 61
24 62
25 66
26 64
27 67
11 25
Case #8: 12
45 1
63 2
64 22
65 42
84 62
85 82
41 3
61 4
62 5
81 6
82 7
83 8
Case #9: 16
35 14
36 15
60 22
58 10
59 12
61 11
27 7
28 8
33 9
62 1
26 2
34 3
38 4
39 13
29 5
32 6
Case #10: 7
100 12
1 2
21 22
41 42
60 61
90 1
80 81
Case #11: 64
11 8
15 32
26 29
61 50
66 68
81 69
52 47
90 87
36 36
39 45
46 31
56 60
9 7
31 28
30 25
1 4
16 11
27 21
21 3
29 22
32 26
4 18
8 14
24 19
40 53
41 61
57 51
5 6
17 12
44 49
45 54
47 62
64 52
37 13
82 71
48 55
51 72
54 73
55 74
60 44
62 67
49 63
58 82
65 84
59 41
88 90
69 83
68 89
75 75
78 58
83 81
79 66
72 46
84 56
85 64
86 65
87 57
89 39
70 9
73 10
74 5
80 17
71 2
63 1
Case #12: 35
34 23
35 24
73 39
74 35
9 4
45 32
41 36
39 29
42 33
52 38
36 30
37 28
40 25
38 21
65 34
43 31
53 22
44 20
70 37
55 16
56 14
57 15
66 27
69 13
75 19
59 17
64 8
67 26
76 5
60 18
71 6
72 7
77 3
78 1
79 2
Case #13: 16
65 1
66 2
67 21
85 41
86 61
87 81
21 22
41 23
42 24
61 25
62 26
63 27
81 28
82 29
83 30
84 31
Case #14: 49
6 8
7 6
9 20
13 22
19 31
21 23
23 35
24 40
28 43
30 7
31 45
4 12
32 36
35 44
33 41
38 48
36 53
5 10
3 13
11 4
39 52
14 2
18 30
20 50
22 34
26 32
29 38
34 28
16 25
25 24
27 42
37 47
40 51
1 17
41 49
2 19
8 11
15 21
42 46
12 18
17 27
10 15
43 39
44 37
45 29
46 26
47 5
48 33
49 1
Case #15: 21
42 1
43 4
44 10
54 15
55 19
56 14
57 25
61 24
46 3
47 6
48 9
49 13
52 5
58 16
60 22
59 18
50 8
51 12
53 2
64 7
65 11
Case #16: 57
28 35
20 51
14 12
37 50
32 34
15 15
49 47
26 36
31 53
35 31
12 22
6 9
56 24
10 48
24 56
44 3
52 49
30 42
25 29
7 6
42 37
40 28
48 41
19 17
57 57
9 46
23 10
38 33
17 26
46 11
2 7
21 21
1 14
53 52
29 27
13 19
34 25
50 55
11 5
54 54
39 30
18 43
33 44
43 4
41 23
5 40
16 1
51 32
27 38
55 39
47 18
8 13
4 16
22 20
36 2
3 45
45 8
Case #17: 43
1 10
4 20
5 24
6 25
30 23
35 43
3 7
8 21
18 2
44 44
9 16
10 22
15 34
12 18
13 32
14 33
16 31
17 27
19 38
21 35
24 40
25 19
26 41
27 29
28 42
23 28
29 15
32 17
33 36
11 12
22 26
34 37
31 30
36 39
37 8
7 6
38 14
39 11
2 3
40 13
41 5
42 4
43 9
Case #18: 12
61 1
62 21
63 41
78 20
79 40
80 60
82 61
98 80
99 100
83 81
81 2
100 3
Case #19: 16
2 19
4 7
16 33
25 38
27 30
28 44
29 40
32 45
34 32
47 47
44 46
20 35
36 41
35 43
33 39
37 42
Case #20: 29
1 2
2 1
4 3
7 13
9 21
10 24
11 29
12 17
13 31
14 35
15 44
17 20
18 32
19 41
5 16
3 9
8 22
6 10
21 52
22 42
24 39
23 53
25 70
26 71
27 68
28 62
29 66
30 63
31 37
Case #21: 37
40 10
57 1
77 28
81 30
82 31
83 32
85 29
78 82
93 69
97 70
99 52
39 3
59 24
79 72
88 60
92 49
87 50
89 89
76 79
86 57
84 59
100 35
68 51
58 2
91 58
48 16
49 11
50 62
60 17
70 90
80 36
94 80
96 81
69 25
90 42
95 71
98 83
Case #22: 47
31 32
10 2
46 39
21 36
11 42
36 43
12 6
48 51
28 7
22 17
51 53
39 31
15 8
33 13
3 48
19 33
29 28
30 14
4 12
5 18
6 11
8 23
9 10
37 19
7 46
13 45
34 50
27 52
14 47
16 40
17 41
26 49
32 44
38 20
41 24
42 25
18 37
20 38
40 26
43 21
44 27
45 22
47 16
23 34
49 29
52 30
24 35
Case #23: 18
7 9
11 7
13 4
8 10
14 1
12 16
15 8
16 2
17 3
1 15
4 14
5 11
6 12
10 20
20 6
18 5
9 13
19 19
Case #24: 30
27 3
30 4
34 12
52 28
54 33
60 34
49 30
55 25
62 32
58 26
59 23
57 20
50 29
56 24
51 19
63 27
53 22
64 13
61 18
66 14
67 10
68 17
69 35
70 11
71 31
65 15
73 16
72 9
74 1
75 2
Case #25: 24
2 11
8 18
9 37
10 47
11 65
12 43
13 46
14 45
15 44
16 52
17 53
18 58
19 59
20 62
21 63
22 64
23 38
24 39
25 28
7 30
3 5
6 25
4 26
5 27
Case #26: 24
1 20
2 42
3 24
4 27
5 23
6 26
7 22
8 21
9 33
10 55
12 14
13 43
14 44
15 40
16 32
17 47
18 41
19 38
20 39
21 34
22 35
23 62
24 65
25 61
Case #27: 20
19 11
4 1
1 8
3 10
2 5
6 2
7 16
10 9
12 3
13 4
5 7
8 14
17 12
14 6
15 13
16 19
11 20
9 17
18 18
20 15
Case #28: 53
48 42
45 55
32 31
33 33
47 29
53 7
25 26
3 1
21 23
28 27
43 40
46 37
23 22
16 11
15 12
18 20
1 3
14 54
20 24
39 34
31 47
9 6
6 19
38 53
13 38
50 51
41 35
42 48
49 50
22 25
12 10
24 43
5 4
29 49
17 14
2 2
27 28
30 13
8 9
4 8
26 46
37 30
44 39
10 15
19 18
7 5
11 16
34 17
36 44
35 41
40 45
52 52
51 21
Case #29: 33
15 12
19 16
27 26
10 11
30 28
31 33
41 61
43 50
39 39
44 46
49 49
52 58
63 62
64 65
66 42
11 7
25 23
26 20
28 17
32 31
46 37
50 53
51 48
62 55
69 71
70 59
72 69
75 77
3 1
53 60
54 64
36 21
37 30
Case #30: 1
1 1
Case #31: 36
50 1
68 2
69 21
70 41
89 61
90 81
1 3
2 4
3 5
4 6
21 7
22 8
23 9
24 10
25 11
41 12
42 13
43 14
44 15
45 16
46 17
61 18
67 19
88 20
62 22
63 42
64 62
65 82
66 23
81 24
82 25
83 26
84 27
85 28
86 29
87 30
Case #32: 11
14 9
15 7
16 10
12 4
17 16
19 1
6 2
10 3
18 15
5 8
20 5
Case #33: 23
14 22
15 18
16 16
17 21
18 55
19 54
20 53
21 56
22 45
23 63
24 52
26 57
27 64
25 46
28 47
29 68
30 67
31 66
32 59
8 28
2 24
4 5
13 26
Case #34: 85
6 10
7 14
8 22
9 36
35 44
18 64
56 57
62 76
75 68
42 48
21 33
14 13
1 7
37 15
69 82
78 79
67 61
30 39
46 55
45 51
36 28
79 78
76 54
13 20
55 49
72 73
71 77
77 69
70 70
68 71
86 87
74 72
26 32
66 67
82 59
27 35
84 81
83 88
32 34
23 60
63 66
25 45
19 21
11 25
5 2
29 16
31 50
33 30
59 83
52 38
17 5
57 80
80 52
16 19
61 42
22 41
39 74
44 4
49 26
73 86
51 27
60 18
85 85
50 17
2 11
3 6
12 31
34 8
4 24
10 37
81 75
41 53
20 29
65 47
64 63
40 62
28 9
15 12
38 1
24 46
43 58
54 40
47 56
48 43
53 65
Case #35: 4
47 19
57 18
67 17
41 16
Case #36: 41
7 16
13 28
15 34
17 29
18 42
20 20
21 38
22 33
25 43
27 41
29 15
30 12
34 2
35 19
37 14
39 5
41 8
36 37
26 32
8 13
9 21
14 26
16 22
19 35
23 39
24 31
28 27
31 24
32 36
33 11
40 9
42 4
43 18
44 3
45 6
47 7
11 30
46 17
38 10
10 25
12 23
Case #37: 50
2 2
4 4
6 6
8 8
12 12
14 14
16 16
18 18
20 20
22 22
24 24
26 26
28 28
30 10
32 32
34 34
36 36
38 38
40 40
42 42
44 44
46 46
48 48
50 30
52 52
54 54
56 56
58 58
60 60
62 62
64 64
66 66
68 68
70 50
72 72
74 74
76 76
78 78
80 80
84 84
86 86
88 88
90 70
91 92
93 94
95 96
97 98
99 100
100 90
82 82
Case #38: 12
19 20
21 18
27 31
9 9
11 8
14 15
15 11
18 21
25 26
32 30
37 36
4 7
Case #39: 0
Case #40: 77
25 1
26 52
27 2
35 31
36 32
37 33
34 71
30 30
29 53
33 29
46 51
28 83
32 70
40 90
45 60
50 73
44 59
49 36
48 61
31 80
47 58
38 3
39 50
43 25
57 72
60 82
70 81
41 11
42 17
58 84
59 85
61 86
69 89
51 12
52 18
53 26
54 37
55 63
56 91
78 74
94 78
81 62
62 43
63 44
64 45
65 6
66 22
67 54
71 46
73 38
82 64
87 92
92 56
93 75
96 93
91 47
68 7
74 39
75 87
76 40
77 41
79 14
80 9
85 23
72 55
83 76
84 77
97 65
95 8
86 4
90 66
100 20
98 27
10 34
88 19
89 48
99 67
Case #41: 14
5 1
7 6
8 10
9 2
12 3
13 4
17 15
16 5
10 11
14 12
15 13
19 7
20 16
18 14
Case #42: 26
42 32
43 27
44 38
45 43
46 40
47 45
48 44
9 1
10 11
11 2
26 15
29 20
30 18
39 30
49 39
50 28
12 6
13 5
31 19
24 9
16 8
25 4
28 17
17 16
32 3
41 12
Case #43: 67
36 51
37 71
43 31
45 33
44 32
81 80
47 70
39 53
41 29
38 83
71 2
92 50
42 30
61 52
51 61
46 3
52 58
53 59
54 11
62 60
63 17
74 25
83 36
94 73
82 1
72 82
91 72
75 84
84 85
93 86
90 81
80 89
86 62
95 63
73 90
55 18
56 26
57 37
65 91
66 12
97 56
64 27
48 6
58 43
59 22
67 44
76 45
78 38
85 46
87 64
96 47
98 75
29 8
30 7
40 9
49 39
60 14
68 54
69 87
77 55
100 41
89 23
70 74
79 76
88 77
99 78
50 40
Case #44: 20
39 16
37 15
11 1
45 9
51 22
59 23
12 2
13 5
19 6
23 7
52 14
60 18
20 3
61 13
22 4
62 11
44 21
43 19
38 20
63 8
Case #45: 100
26 70
31 54
62 39
92 94
38 36
2 87
55 91
60 100
66 64
32 35
77 75
54 13
79 84
50 53
13 44
19 12
100 8
95 92
57 56
14 15
85 83
44 46
20 93
59 58
21 86
51 88
56 55
25 23
68 65
34 78
1 1
84 82
48 50
5 27
86 80
45 48
22 31
35 25
88 33
73 74
15 71
40 79
49 49
61 96
69 38
10 6
83 43
11 10
76 99
65 95
3 2
93 98
64 60
24 72
41 41
63 59
29 62
27 42
6 3
98 97
12 81
47 45
99 21
78 18
91 73
46 47
17 11
71 66
33 40
18 7
72 67
36 24
9 9
82 16
96 68
37 76
42 51
90 90
58 63
30 29
67 69
39 22
87 14
94 4
70 77
43 52
23 5
16 17
80 85
52 32
74 57
7 19
81 37
4 28
97 34
28 20
89 61
53 89
75 26
8 30
Case #46: 94
7 1
8 2
15 29
17 30
27 33
14 71
10 32
19 53
18 83
13 31
9 90
26 51
36 59
37 60
25 58
30 73
12 70
28 61
24 81
40 36
29 25
23 80
20 17
22 50
11 82
38 52
16 3
21 11
41 72
39 89
31 12
32 18
33 37
34 63
35 91
42 26
43 84
44 85
45 86
51 43
52 44
53 45
54 46
55 47
63 62
64 6
65 22
66 38
67 64
71 75
77 74
78 76
81 77
82 78
88 92
89 93
56 54
61 55
62 56
72 7
73 39
74 87
75 40
76 41
83 23
84 8
85 14
92 9
87 65
86 4
97 66
91 27
93 19
94 48
96 20
95 67
98 34
99 68
100 15
46 5
47 10
48 13
49 16
50 21
57 24
58 28
59 35
60 42
68 49
69 57
70 69
79 79
80 88
90 100
Case #47: 53
14 14
45 41
19 27
39 33
16 16
10 10
37 51
28 26
51 53
33 39
13 15
5 2
52 37
18 47
43 8
41 50
40 20
6 29
35 49
26 36
22 22
8 6
9 5
49 23
29 17
50 12
4 1
31 40
1 9
3 38
23 43
15 19
2 4
42 35
20 7
38 24
11 18
27 28
53 46
32 31
48 30
7 13
36 21
17 34
21 32
46 42
25 45
30 3
24 44
47 25
34 11
12 52
44 48
Case #48: 32
12 16
13 22
1 9
15 23
19 21
20 17
4 8
22 20
39 36
43 44
44 46
26 30
29 34
35 40
27 31
36 33
38 39
7 5
8 1
9 14
16 4
33 38
37 29
45 43
48 48
3 7
2 2
6 10
10 13
11 6
34 35
40 41
Case #49: 70
19 60
20 40
39 58
41 82
43 2
60 100
38 98
98 78
40 80
37 96
79 38
36 76
96 56
59 18
74 94
58 36
78 15
65 84
42 62
92 92
35 74
77 20
82 42
45 64
67 86
88 88
90 90
80 17
75 54
57 16
72 72
76 13
94 3
56 34
73 52
55 14
70 70
34 12
54 32
52 30
53 50
61 22
44 44
62 9
81 19
64 24
47 66
69 68
71 10
31 8
50 28
51 48
48 6
49 26
68 1
86 7
46 46
63 4
84 5
66 11
83 25
85 27
87 29
89 31
91 33
93 35
95 37
97 39
99 21
100 23
Case #50: 6
9 46
10 41
11 45
12 44
13 40
14 43
Case #51: 35
18 18
42 38
24 12
30 22
36 27
29 9
17 20
21 16
11 19
40 39
25 7
12 4
44 40
14 8
33 37
23 2
32 36
16 5
15 42
13 10
38 35
31 41
19 28
20 3
22 34
26 43
28 45
27 44
34 26
35 21
37 6
39 15
41 14
43 13
45 17
Case #52: 33
1 16
2 13
3 8
11 17
12 14
13 9
14 10
15 12
16 21
17 25
18 26
19 38
20 39
21 30
22 31
23 29
24 34
25 28
32 33
33 27
34 32
35 18
36 15
37 19
38 23
39 45
40 24
41 11
42 7
43 4
44 5
45 6
4 2
Case #53: 13
3 2
4 7
8 12
9 3
13 4
14 5
17 6
18 17
5 9
10 14
15 19
19 13
20 15
Case #54: 34
3 23
11 11
12 6
13 7
15 14
16 32
26 30
75 40
79 41
17 1
18 17
21 25
43 22
51 26
52 27
53 33
78 42
80 31
81 37
8 10
27 8
35 2
36 9
9 3
10 4
19 18
20 24
22 15
28 16
77 39
85 34
83 35
86 38
84 36
Case #55: 26
20 14
21 15
22 12
23 13
35 32
37 27
40 34
8 2
16 4
19 16
32 25
10 6
13 8
15 11
9 5
12 3
11 1
33 18
45 45
36 22
34 17
44 42
38 33
43 19
41 43
42 26
Case #56: 16
1 5
2 15
3 30
10 59
11 56
12 54
13 55
15 58
16 57
17 53
18 46
19 45
20 43
21 34
22 41
23 39
Case #57: 30
1 4
2 10
3 13
4 8
5 16
6 17
7 14
8 29
9 15
10 20
13 22
11 24
14 18
15 19
16 26
17 27
18 32
19 54
20 39
21 73
22 31
23 56
25 62
27 68
28 63
30 46
31 69
32 71
26 66
33 72
Case #58: 6
1 7
33 3
43 6
64 28
35 16
34 15
Case #59: 19
1 5
2 21
4 34
5 31
6 36
7 25
8 29
9 27
10 37
15 49
16 47
19 45
20 43
22 48
23 46
27 44
21 38
30 70
3 32
Case #60: 18
43 11
54 22
63 32
69 3
71 6
26 2
56 4
70 18
67 7
50 17
59 21
68 5
72 8
48 1
52 16
53 20
55 15
57 19
Case #61: 16
5 1
6 6
7 11
8 2
9 3
11 4
16 15
12 5
10 7
14 16
15 9
18 10
13 8
17 12
19 17
20 18
Case #62: 34
8 11
9 12
19 25
7 13
35 32
22 24
16 10
6 7
10 1
14 2
36 26
17 19
13 4
20 30
11 16
12 18
21 29
23 22
32 31
24 28
15 3
33 20
18 23
25 33
29 6
30 8
34 14
27 27
28 5
31 34
39 40
37 39
26 37
40 38
Case #63: 21
1 14
2 27
3 25
4 6
5 21
7 35
9 34
10 40
11 28
12 37
6 22
13 49
14 29
15 30
16 44
17 39
18 32
19 55
20 57
21 61
8 33
Case #64: 46
6 8
27 29
48 46
38 28
44 33
18 17
7 14
37 36
42 45
47 44
23 20
24 26
32 31
14 11
21 30
12 13
28 16
40 37
9 1
22 19
39 35
35 34
36 12
15 10
20 7
10 25
11 24
5 22
25 38
26 39
34 4
31 23
17 32
30 21
33 41
41 27
8 6
29 9
46 43
13 18
16 3
19 5
45 42
3 2
4 15
43 40
Case #65: 24
4 30
5 26
7 16
8 43
9 38
10 35
11 42
12 44
13 45
15 52
3 6
16 32
17 48
18 51
19 57
20 37
21 62
22 40
1 5
23 59
24 53
25 39
26 63
2 28
Case #66: 14
14 7
12 9
13 10
15 4
17 1
16 16
9 2
11 15
18 8
19 3
6 11
10 12
20 13
5 5
Case #67: 0
Case #68: 38
3 9
5 12
7 11
8 14
9 19
10 20
13 16
14 27
16 29
17 30
21 21
22 18
23 23
26 39
27 40
29 35
30 36
33 1
34 2
35 5
36 6
39 24
40 7
15 28
2 10
6 13
11 25
12 26
18 33
19 34
20 32
24 17
37 3
31 38
25 22
28 31
32 37
38 4
Case #69: 16
31 4
33 15
35 6
36 18
38 22
34 16
39 21
30 14
32 10
44 13
24 12
37 3
56 23
54 1
55 2
60 11
Case #70: 15
10 6
2 1
3 2
14 19
15 11
16 14
21 23
22 20
24 21
27 27
31 25
34 35
35 33
1 3
42 32
Case #71: 35
37 15
6 9
36 14
4 6
10 12
16 27
31 4
33 7
1 10
3 11
17 28
18 30
20 31
22 33
30 13
46 24
39 18
15 1
26 34
42 5
45 26
35 19
14 2
43 8
11 3
12 17
13 45
34 22
19 29
21 35
38 20
40 25
32 46
27 39
41 21
Case #72: 36
17 12
18 26
5 11
38 39
36 36
25 27
6 14
29 34
19 20
40 40
14 17
12 6
37 30
15 25
4 5
28 29
7 15
34 35
21 37
33 38
16 19
13 13
22 31
27 32
10 23
32 18
24 10
11 21
30 33
20 8
23 9
26 2
31 1
39 4
35 7
3 3
Case #73: 18
56 21
55 28
59 26
60 29
62 31
65 25
72 32
47 2
61 27
71 24
16 8
63 30
10 3
14 11
31 1
15 13
11 10
13 9
Case #74: 33
27 61
4 10
28 32
31 48
6 9
29 45
32 55
7 8
33 56
8 7
17 28
20 44
9 20
10 31
11 27
12 40
13 57
14 37
15 50
16 58
18 34
19 39
21 59
23 24
24 35
25 52
26 18
30 5
34 70
35 77
36 60
37 72
1 3
Case #75: 1
1 1
Case #76: 35
25 28
34 36
30 31
23 40
11 25
6 8
28 27
8 13
35 30
9 2
32 32
19 26
7 7
33 35
20 14
29 29
12 33
14 43
18 34
17 44
31 1
36 19
37 12
10 15
44 18
38 42
16 37
15 39
26 38
39 11
27 41
40 17
41 10
42 16
43 9
Case #77: 19
21 10
24 21
25 22
33 35
4 1
10 3
17 4
18 9
20 20
22 12
27 23
34 31
37 32
39 38
41 39
44 33
49 47
1 2
42 36
Case #78: 12
21 5
26 2
38 3
58 24
7 1
64 21
60 25
59 23
61 19
65 9
62 20
63 15
Case #79: 39
18 38
21 32
35 33
19 24
11 14
14 13
6 4
29 8
39 36
22 29
36 15
13 19
5 3
28 35
16 34
27 30
17 26
30 37
24 31
15 12
4 6
33 28
40 27
20 39
12 1
23 25
3 21
38 22
10 20
8 7
7 18
9 9
31 11
25 17
26 23
34 2
37 16
41 10
32 5
Case #80: 100
9 78
5 90
7 94
92 84
4 88
6 92
8 96
93 86
1 82
3 66
2 64
59 68
89 98
95 70
65 74
57 46
41 50
54 44
39 48
52 62
69 58
71 42
37 26
21 30
45 54
10 100
97 34
49 38
34 24
19 28
43 72
87 76
17 6
13 22
16 5
35 20
15 8
23 52
67 56
60 10
25 14
29 18
31 2
12 1
18 7
20 16
24 11
28 15
33 19
11 4
14 3
30 80
84 32
47 17
26 36
32 13
27 12
22 9
36 65
38 67
40 69
42 71
44 40
46 35
48 37
51 41
53 61
55 63
61 21
63 23
74 81
76 83
77 25
79 27
80 87
81 29
82 89
83 31
85 33
86 73
88 75
78 85
50 60
75 43
56 45
58 47
91 39
62 49
64 51
66 53
68 55
70 57
90 77
73 59
72 79
94 97
98 91
99 93
100 95
96 99
Case #81: 39
6 13
7 11
8 21
9 16
12 31
13 27
16 22
17 30
19 34
27 24
31 12
32 2
33 9
35 38
24 39
29 36
21 18
5 15
10 19
14 23
15 25
18 29
20 35
22 26
23 28
26 32
28 6
30 37
34 17
36 1
37 3
39 4
40 7
41 8
42 5
43 10
38 14
11 20
25 33
Case #82: 56
30 27
24 24
7 5
42 42
19 12
4 8
26 45
13 29
54 40
25 34
17 28
10 4
40 26
15 2
47 41
21 18
58 53
33 38
22 56
27 33
48 17
11 14
31 48
32 47
38 9
8 25
14 36
12 23
5 7
44 43
23 10
51 52
29 31
18 1
28 51
35 55
6 15
46 49
52 35
20 11
39 54
37 39
16 16
57 32
3 3
45 30
55 46
34 22
36 6
50 19
49 50
9 20
56 44
41 21
53 37
43 13
Case #83: 13
48 13
49 16
50 15
51 18
52 19
53 20
56 5
57 4
58 3
59 2
60 1
54 14
55 17
Case #84: 0
Case #85: 60
20 20
37 98
39 60
40 80
47 86
49 88
51 90
53 92
55 94
59 100
61 82
63 2
65 24
67 26
69 28
71 30
73 32
75 34
77 36
79 38
81 42
83 62
85 64
87 66
89 68
91 70
93 72
95 74
97 76
99 78
57 96
38 58
80 40
100 3
60 18
58 16
98 17
78 56
56 14
96 15
76 54
54 12
94 13
74 52
52 10
92 11
72 50
50 8
90 9
70 48
48 6
88 7
68 46
66 44
86 5
46 84
62 22
64 4
82 1
84 19
Case #86: 19
64 19
50 10
53 14
54 27
20 1
55 26
60 12
63 16
66 15
71 30
67 13
68 11
56 25
58 24
59 23
61 28
65 29
69 31
70 32
Case #87: 14
17 18
36 33
11 11
12 13
41 42
24 14
14 16
15 12
43 43
48 44
16 15
42 46
44 54
45 56
Case #88: 24
40 16
23 6
39 14
41 15
38 12
55 21
42 17
47 13
49 7
53 11
59 1
43 23
45 22
54 9
57 3
44 28
46 20
48 26
58 5
51 19
52 25
50 30
56 18
65 24
Case #89: 85
23 29
25 31
26 32
27 33
32 70
38 83
31 80
39 53
24 71
19 30
28 61
22 50
42 60
49 90
48 52
21 59
18 51
35 17
36 25
37 36
47 58
33 3
34 11
41 73
50 72
69 82
80 81
43 12
44 18
45 37
46 26
51 63
52 91
53 84
59 85
60 86
70 89
54 43
55 44
56 45
57 46
58 47
61 6
62 22
63 38
64 64
68 62
71 75
76 74
77 76
78 77
79 78
84 92
91 93
65 54
66 55
67 56
72 39
73 87
74 40
75 41
85 7
86 9
81 23
82 8
90 1
97 2
92 65
83 4
87 66
96 14
88 19
89 48
93 27
95 20
94 67
98 34
99 68
100 15
9 5
10 10
20 13
29 16
30 21
40 24
Case #90: 45
4 24
10 29
13 37
21 47
27 42
24 39
28 20
30 36
32 21
33 41
34 33
7 10
8 53
16 48
29 30
35 45
36 25
37 34
1 7
38 35
39 46
9 13
40 49
6 5
41 50
42 27
14 12
43 8
26 31
12 11
44 44
45 26
46 32
20 18
47 38
48 28
50 4
51 51
52 1
55 15
11 2
18 14
19 9
56 52
5 3
Case #91: 31
41 20
43 25
44 23
71 32
46 16
63 31
53 28
57 30
50 24
56 29
49 15
45 8
55 27
40 10
62 12
39 22
60 2
65 11
47 26
52 5
54 9
58 4
61 6
59 3
66 13
64 1
67 17
68 18
70 7
69 21
72 14
Case #92: 0
Case #93: 25
9 31
10 16
16 33
17 51
19 26
22 64
23 34
28 52
31 59
24 50
26 49
27 44
33 74
34 68
8 10
13 22
15 32
18 38
6 14
7 13
29 60
30 72
25 23
32 43
21 15
Case #94: 27
1 4
4 5
31 35
26 19
6 2
5 7
10 12
12 16
32 32
34 33
36 36
37 31
27 22
22 11
25 6
33 34
40 44
44 25
24 17
35 41
30 26
45 45
41 28
42 23
49 40
38 27
43 20
Case #95: 42
41 37
42 45
46 50
51 46
4 10
7 11
14 7
5 9
2 4
1 8
48 54
34 32
20 13
38 19
12 6
47 49
31 43
32 29
17 2
26 44
30 42
29 47
24 41
25 25
33 30
35 53
39 22
13 5
11 18
27 12
36 24
15 33
16 28
18 35
28 31
37 26
44 1
45 3
49 20
50 17
19 36
23 38
Case #96: 38
47 42
33 29
36 38
16 15
3 18
14 8
20 1
4 21
10 7
17 13
19 19
13 16
7 11
8 17
21 20
11 14
15 23
9 12
12 6
26 24
27 25
28 22
37 49
35 37
46 30
42 33
38 48
34 51
39 50
55 26
41 46
40 41
44 52
48 28
49 32
45 54
52 31
43 27
Case #97: 59
50 43
62 62
13 11
54 60
31 23
63 66
53 57
27 22
11 3
58 48
42 38
4 8
65 51
32 25
5 4
66 63
3 12
64 65
44 45
9 21
6 5
59 64
49 27
39 44
17 19
21 6
22 18
15 16
40 37
8 7
60 61
57 58
51 29
10 2
55 59
28 1
7 28
18 15
20 17
16 36
19 46
12 9
14 13
23 52
24 53
25 54
26 56
35 55
36 49
38 34
45 39
46 31
34 26
37 33
41 50
48 47
33 32
43 30
47 24
Case #98: 38
3 5
4 12
5 31
15 26
8 9
10 27
27 40
9 8
14 13
29 38
12 33
22 23
13 35
17 3
23 6
25 39
28 37
20 7
32 34
26 36
33 29
11 10
24 30
34 41
19 21
31 32
37 28
38 25
40 24
41 17
1 1
16 19
2 4
18 20
21 11
36 22
35 16
39 18
Case #99: 44
57 68
64 32
46 48
30 10
20 26
23 25
25 11
31 6
50 53
35 31
21 21
33 3
38 7
68 71
39 20
41 8
67 4
40 47
24 14
45 9
72 72
37 13
70 73
34 18
43 1
44 67
69 5
42 46
26 12
29 45
52 62
19 19
73 30
27 29
28 28
32 27
54 15
55 22
71 2
22 42
56 16
61 23
65 17
66 24
Case #100: 33
1 1
2 2
4 3
6 9
7 14
9 16
12 24
10 18
13 11
15 12
16 36
18 42
19 43
21 56
22 45
17 41
23 34
26 69
11 28
27 51
28 40
24 53
25 67
30 63
3 21
31 64
5 27
20 44
29 68
32 58
33 70
8 32
14 59
