Case #1: 1
1 1
Case #2: 3
1 3
2 2
3 1
Case #3: 3
5 2
2 1
6 4
Case #4: 0
Case #5: 0
Case #6: 7
3 2
6 7
5 4
4 5
7 6
1 1
2 3
Case #7: 5
3 2
4 3
2 1
5 4
6 6
Case #8: 2
10 9
7 8
Case #9: 8
4 4
6 2
7 10
8 9
2 6
5 1
9 8
10 5
Case #10: 6
7 9
8 10
9 8
4 6
10 7
1 1
Case #11: 5
4 5
6 6
7 7
8 8
9 9
Case #12: 3
8 9
9 8
6 10
Case #13: 5
5 1
7 2
8 6
9 9
1 3
Case #14: 2
9 9
10 8
Case #15: 5
2 8
4 4
8 3
10 7
7 5
Case #16: 6
1 1
2 6
4 4
7 3
8 7
3 2
Case #17: 4
5 8
7 9
9 10
3 3
Case #18: 6
3 2
5 7
7 8
10 6
4 1
8 3
Case #19: 10
2 4
10 10
3 1
6 9
9 3
1 6
8 2
5 8
4 7
7 5
Case #20: 9
2 2
4 3
3 10
5 8
6 9
7 6
8 7
9 4
10 5
Case #21: 9
1 9
2 5
3 8
4 3
5 6
8 1
10 2
6 7
7 4
Case #22: 3
2 2
3 4
10 10
Case #23: 4
6 10
7 2
9 3
8 1
Case #24: 7
4 8
5 9
7 5
8 6
9 7
10 1
6 2
Case #25: 8
1 1
2 2
3 3
4 4
5 5
6 6
7 7
8 8
Case #26: 5
2 1
6 6
7 9
9 10
5 2
Case #27: 5
1 1
2 3
3 5
4 6
5 2
Case #28: 3
7 8
8 9
10 10
Case #29: 5
1 4
3 5
5 1
6 8
9 10
Case #30: 9
2 3
3 2
4 6
5 4
7 9
8 7
10 10
9 8
6 5
Case #31: 3
4 9
9 10
5 8
Case #32: 7
4 6
5 7
10 9
6 4
7 5
8 2
9 3
Case #33: 6
3 1
7 6
8 4
9 9
2 7
10 8
Case #34: 7
3 1
8 5
9 9
4 6
7 7
5 2
6 3
Case #35: 9
3 1
5 9
6 10
7 2
4 3
8 5
9 7
2 4
10 8
Case #36: 4
7 7
9 10
3 1
8 5
Case #37: 7
3 8
9 10
4 9
5 6
6 7
7 4
8 5
Case #38: 0
Case #39: 10
3 8
6 10
5 7
2 6
1 1
8 4
7 9
4 5
10 2
9 3
Case #40: 1
2 2
Case #41: 1
2 4
Case #42: 9
3 4
4 5
5 6
6 7
8 10
10 8
1 1
9 9
2 3
Case #43: 2
10 8
3 1
Case #44: 10
1 1
3 7
2 8
6 4
5 3
10 10
8 2
9 9
4 6
7 5
Case #45: 9
1 1
4 8
5 6
7 5
8 2
9 10
3 4
10 9
6 7
Case #46: 8
2 1
3 2
5 5
6 6
10 8
7 9
8 3
9 4
Case #47: 10
1 4
2 5
4 8
10 10
8 1
5 2
3 6
9 7
6 9
7 3
Case #48: 2
4 9
3 1
Case #49: 1
3 3
Case #50: 2
10 10
1 1
Case #51: 4
6 10
7 1
9 9
8 2
Case #52: 7
2 2
4 5
5 8
6 4
9 10
10 9
1 1
Case #53: 0
Case #54: 8
1 2
2 3
5 9
4 8
8 10
7 7
9 4
6 6
Case #55: 3
4 1
6 2
3 3
Case #56: 10
7 9
3 1
2 4
1 2
10 10
6 3
8 5
9 6
4 7
5 8
Case #57: 8
5 3
6 6
7 9
8 10
9 7
10 8
1 1
2 2
Case #58: 4
7 10
8 9
9 8
5 7
Case #59: 9
4 4
1 8
3 9
5 1
6 5
7 2
8 6
9 3
10 7
Case #60: 5
7 4
9 9
5 3
6 2
10 7
Case #61: 4
1 5
9 8
7 6
8 7
Case #62: 3
7 5
8 1
9 2
Case #63: 4
3 2
4 3
8 5
2 4
Case #64: 8
1 1
2 2
3 3
6 5
9 9
7 4
8 8
5 7
Case #65: 4
7 1
8 2
9 3
10 5
Case #66: 4
5 5
4 4
9 10
1 1
Case #67: 6
3 4
7 9
8 6
9 8
10 10
2 1
Case #68: 2
2 2
1 1
Case #69: 3
6 9
10 10
4 1
Case #70: 8
5 8
8 9
3 10
1 2
2 3
6 4
7 5
9 1
Case #71: 2
9 2
7 3
Case #72: 9
1 3
8 7
3 10
4 2
6 6
5 1
7 9
9 5
2 4
Case #73: 10
1 3
2 7
4 9
10 10
3 4
5 6
9 2
7 8
8 5
6 1
Case #74: 5
7 3
8 6
10 9
5 1
6 2
Case #75: 2
10 9
8 1
Case #76: 7
3 6
4 7
5 5
7 2
8 1
6 10
9 3
Case #77: 4
2 1
3 4
6 5
5 3
Case #78: 7
1 1
5 4
7 9
9 7
3 5
10 10
8 6
Case #79: 2
4 5
1 1
Case #80: 3
10 6
2 1
3 8
Case #81: 10
1 4
9 6
4 5
3 2
5 3
8 1
2 9
7 8
10 10
6 7
Case #82: 8
6 6
7 7
8 4
9 5
1 8
2 1
3 9
4 10
Case #83: 8
1 4
9 9
5 5
2 2
3 7
4 8
7 1
8 3
Case #84: 10
1 1
4 4
10 10
7 7
9 3
2 9
6 5
3 6
8 2
5 8
Case #85: 7
5 4
7 5
3 2
4 6
6 9
8 10
9 8
Case #86: 3
4 9
5 1
10 7
Case #87: 9
1 3
2 7
3 6
4 8
5 9
6 2
7 1
9 5
8 4
Case #88: 7
4 7
5 6
6 8
7 4
10 9
8 1
9 5
Case #89: 10
4 9
8 8
2 7
5 5
9 1
7 6
1 3
10 2
3 4
6 10
Case #90: 2
5 8
2 2
Case #91: 9
6 7
7 9
8 10
4 8
3 4
5 6
9 3
10 5
2 2
Case #92: 2
10 9
8 1
Case #93: 3
2 8
3 5
4 6
Case #94: 2
6 4
7 9
Case #95: 2
7 7
5 6
Case #96: 3
3 4
6 1
9 6
Case #97: 2
1 2
2 1
Case #98: 10
7 7
4 9
6 6
10 8
5 5
9 10
1 1
8 3
2 2
3 4
Case #99: 2
9 7
10 2
Case #100: 4
4 2
6 10
7 8
9 9
