Case #1: 1 1
Case #2: IMPOSSIBLE
Case #3: -1 -1 -1
Case #4: 1 -1 -1 2
Case #5: -1 1 1
Case #6: -1 -1 -2 1 -2 -2
Case #7: 1 -1 -2 -1
Case #8: -1 1 -2 1 1
Case #9: -2 -1 -3 1 -1 -1
Case #10: -1 -3 -2 -1 1 -2
Case #11: 1 1 -1 -1 3 -2
Case #12: -1 -1 -1 -2 -1
Case #13: 1 -1 -1 -1 -2
Case #14: -1 1 -2 2 1
Case #15: -1 -1
Case #16: -1 -1 -1 -2
Case #17: -2 1 -1 -1 -1
Case #18: 1 -1 -1 1
Case #19: -1 -1 -1 2 -2 2
Case #20: -1 1 1 1 1 2
Case #21: 1 2 1 -1
Case #22: 1 -1 -1
Case #23: -1 -1 1 -2
Case #24: -3 1 1 1 -1 1 6 -4 -1
Case #25: -1 -2 1 -3 -1 1
Case #26: -1 -2 1 -1 1
Case #27: -1 -1 1 1
Case #28: -1 1 1 3 -1 1
Case #29: -1 -1 1 -1 -2
Case #30: -2 -2 -1 -1 -1
Case #31: 1 1 -1
Case #32: -1 1 -1 -2 2 -1
Case #33: -1 -2 -3 1 2 -1
Case #34: -1 -1
Case #35: -1 -1 1
Case #36: -2 -1 -1 -2 1 -1
Case #37: 1 1
Case #38: -2 1 2 -1 -1
Case #39: -2 1 1 2 1 -1
Case #40: -1 1 1 2
Case #41: -1 -1 -1
Case #42: IMPOSSIBLE
Case #43: 1 1 3 1 -2 -1
Case #44: -1 -1 -1 -1 -2 -3
Case #45: -1 1 1 1 2 3
Case #46: -1 -1
Case #47: -2 -1 1 1 1 3
Case #48: 1 3 2 -1 -2 1
Case #49: -1 2 -1 -1 -2
Case #50: -1 -1
Case #51: -1 1 2 1
Case #52: IMPOSSIBLE
Case #53: 3 -2 1 -1 2 -1
Case #54: -3 -1 1 -1 3 -2
Case #55: -2 -1 1 1 -2 1
Case #56: -1 -2 -1 -1 -1
Case #57: 1 1 -1 3 -3 -1
Case #58: IMPOSSIBLE
Case #59: -3 2 -3 1 -1 -1
Case #60: IMPOSSIBLE
Case #61: -1 1 1
Case #62: 1 -1 -1
Case #63: 2 -3 -1 1 -1 -1
Case #64: 1 1 1 -1 7 5 5 -1 -1 1 1 1
Case #65: -1 -1 1 2 3 1
Case #66: 2 -1 2 -1 1
Case #67: -1 -1 -1
Case #68: 1 2 1 1 2 -1
Case #69: IMPOSSIBLE
Case #70: 1 2 1 1 1 1
Case #71: 1 1 -1 2 1 -1
Case #72: -2 1 -1 3 -1 -2
Case #73: IMPOSSIBLE
Case #74: 1 1
Case #75: -1 1 1 -1 -1 -1
Case #76: 1 -1 1 -1
Case #77: -1 1 -1
Case #78: -2 -1 1 3 -1 -1
Case #79: IMPOSSIBLE
Case #80: -1 -1 -1 -1 1
Case #81: 1 -1 3 -1 1 -2
Case #82: -2 -2 -1 1 -1 2
Case #83: -1 -1 1
Case #84: IMPOSSIBLE
Case #85: -1 -1 -1 -2 -1
Case #86: 1 -1 1 -1
Case #87: 1 -1 -2 -2 1
Case #88: -1 1 -1
Case #89: IMPOSSIBLE
Case #90: 1 -1 2 -1 -1 -1
Case #91: -1 -1 1 -1 -2
Case #92: -1 1 -1
Case #93: IMPOSSIBLE
Case #94: 1 -1 -1 1 1 2
Case #95: -1 1 -1 -1 1 -1
Case #96: -2 -1 -3 -1 -2 1
Case #97: -2 -1 -1 -1 -3 1
Case #98: -1 -2 -2 1
Case #99: IMPOSSIBLE
Case #100: -1 1 -1 -1 -2
