Case #1: 3 5
Case #2: 3 5
Case #3: 3 5
Case #4: 3 5
Case #5: 3 5
Case #6: 3 5
Case #7: 3 5
Case #8: 3 5
Case #9: 3 5
Case #10: 3 5
Case #11: 3 5
Case #12: 3 5
Case #13: 3 5
Case #14: 3 5
Case #15: 3 5
Case #16: 3 5
Case #17: 3 5
Case #18: 3 5
Case #19: 3 5
Case #20: 3 5
Case #21: 3 5
Case #22: 3 5
Case #23: 3 5
Case #24: 3 5
Case #25: 3 5
Case #26: 3 5
Case #27: 3 5
Case #28: 3 5
Case #29: 3 5
Case #30: 3 5
Case #31: 3 5
Case #32: 3 5
Case #33: 3 5
Case #34: 3 5
Case #35: 3 5
Case #36: 3 5
Case #37: 3 5
Case #38: 3 5
Case #39: 3 5
Case #40: 3 5
Case #41: 3 5
Case #42: 3 5
Case #43: 3 5
Case #44: 3 5
Case #45: 3 5
Case #46: 3 5
Case #47: 3 5
Case #48: 3 5
Case #49: 3 5
Case #50: 3 5
